<?xml version="1.0" encoding="UTF-8"?>
<!-- Generated by org.testng.reporters.JUnitXMLReporter -->
<testsuite ignored="0" hostname="factory" failures="2" tests="89" name="Command line test" time="0.231" errors="0" timestamp="16 Jun 2026 06:23:47 GMT">
  <testcase classname="com.hartrusion.modeling.solvers.SuperPositionTest" name="testBasicNetwork" time="0.019"/>
  <testcase classname="com.hartrusion.modeling.solvers.SuperPositionTest" name="testEffortSourcesWithOpenConnections" time="0.003"/>
  <testcase classname="com.hartrusion.modeling.solvers.SuperPositionTest" name="testSummerTermExam" time="0.002"/>
  <testcase classname="com.hartrusion.modeling.solvers.OverlayTest" name="bridgedElementEffortValidation" time="0.001"/>
  <testcase classname="com.hartrusion.modeling.solvers.OverlayTest" name="bridgedElementError" time="0.002"/>
  <testcase classname="com.hartrusion.modeling.solvers.OverlayTest" name="testCheckForBridgedPaths" time="0.0"/>
  <testcase classname="com.hartrusion.modeling.solvers.NodalAnalysisTest" name="testBasicNetwork" time="0.002"/>
  <testcase classname="com.hartrusion.modeling.solvers.NodalAnalysisTest" name="testIdealSourceRejected" time="0.0"/>
  <testcase classname="com.hartrusion.modeling.solvers.NodalAnalysisTest" name="testSharedSeriesResistor" time="0.0"/>
  <testcase classname="com.hartrusion.modeling.solvers.NodalAnalysisTest" name="testSummerTermExam" time="0.001"/>
  <testcase classname="com.hartrusion.modeling.solvers.RecursiveSimplifierTest" name="testBasicParallelSeriesNetwork" time="0.001"/>
  <testcase classname="com.hartrusion.modeling.solvers.RecursiveSimplifierTest" name="testDeadEndStar" time="0.0"/>
  <testcase classname="com.hartrusion.modeling.solvers.RecursiveSimplifierTest" name="testExport1" time="0.007"/>
  <testcase classname="com.hartrusion.modeling.solvers.RecursiveSimplifierTest" name="testExport2" time="0.003"/>
  <testcase classname="com.hartrusion.modeling.solvers.RecursiveSimplifierTest" name="testExport3" time="0.002">
    <failure type="java.lang.AssertionError" message="Calculation did not finish. expected [true] but found [false]">
      <![CDATA[java.lang.AssertionError: Calculation did not finish. expected [true] but found [false]
at com.hartrusion.modeling.solvers.RecursiveSimplifierTest.testExport3(RecursiveSimplifierTest.java:1466)
... Removed 25 stack frames]]>
    </failure>
  </testcase> <!-- testExport3 -->
  <testcase classname="com.hartrusion.modeling.solvers.RecursiveSimplifierTest" name="testFloatingSeriesResistor" time="0.0"/>
  <testcase classname="com.hartrusion.modeling.solvers.RecursiveSimplifierTest" name="testNetworkWithLoop" time="0.001"/>
  <testcase classname="com.hartrusion.modeling.solvers.RecursiveSimplifierTest" name="testOhmsLawValidationFail" time="0.001"/>
  <testcase classname="com.hartrusion.modeling.solvers.RecursiveSimplifierTest" name="testOpenBridgedResistor" time="0.0"/>
  <testcase classname="com.hartrusion.modeling.solvers.RecursiveSimplifierTest" name="testOpenWithLargeNumbers" time="0.0"/>
  <testcase classname="com.hartrusion.modeling.solvers.RecursiveSimplifierTest" name="testRingIsle" time="0.0"/>
  <testcase classname="com.hartrusion.modeling.solvers.RecursiveSimplifierTest" name="testTwoLoopsWithSource" time="0.0"/>
  <testcase classname="com.hartrusion.modeling.solvers.StarPolygonTransformTest" name="fullEqualStar" time="0.0"/>
  <testcase classname="com.hartrusion.modeling.solvers.TransferSubnetTest" name="testMainCirculationPumps" time="0.004"/>
  <testcase classname="com.hartrusion.modeling.solvers.TransferSubnetTest" name="testMainCirculationPumpsWithSteamOut" time="0.001"/>
  <testcase classname="com.hartrusion.modeling.solvers.TransferSubnetTest" name="testMinimumNetwork" time="0.0"/>
  <testcase classname="com.hartrusion.modeling.solvers.TransferSubnetTest" name="testNoOrigin" time="0.001"/>
  <testcase classname="com.hartrusion.modeling.solvers.TransferSubnetTest" name="testThermalFlowSources" time="0.001"/>
  <testcase classname="com.hartrusion.modeling.solvers.TransferSubnetTest" name="testThermalFlowSourcesSharedOrigin" time="0.001"/>
  <testcase classname="com.hartrusion.modeling.solvers.TransferSubnetTest" name="testThreeCapacitancePorts" time="0.0"/>
  <testcase classname="com.hartrusion.modeling.solvers.TransferSubnetTest" name="testTwoCapacitancePorts" time="0.0"/>
  <testcase classname="com.hartrusion.modeling.solvers.TransferSubnetTest" name="testTwoOriginElements" time="0.0"/>
  <testcase classname="com.hartrusion.modeling.solvers.TransferSubnetTest" name="testTwoPumpsOneTankExample" time="0.001"/>
  <testcase classname="com.hartrusion.modeling.solvers.StarDeltaTransformTest" name="testBridgeWithRealSource" time="0.001"/>
  <testcase classname="com.hartrusion.modeling.solvers.StarDeltaTransformTest" name="testStarWithOneOpenConnection" time="0.0"/>
  <testcase classname="com.hartrusion.modeling.solvers.StarDeltaTransformTest" name="testWheatstoneBridge" time="0.001"/>
  <testcase classname="com.hartrusion.modeling.solvers.TwoSeriesSolverTest" name="testBridgeAndShortcut" time="0.0"/>
  <testcase classname="com.hartrusion.modeling.solvers.TwoSeriesSolverTest" name="testIsolatedEffortSource" time="0.001"/>
  <testcase classname="com.hartrusion.modeling.solvers.TwoSeriesSolverTest" name="testOneOpenConnection" time="0.0"/>
  <testcase classname="com.hartrusion.modeling.solvers.TwoSeriesSolverTest" name="testStandardBehaviour" time="0.0"/>
  <testcase classname="com.hartrusion.modeling.solvers.SimplifiedResistorTest" name="testBasicParallelResistors" time="0.0"/>
  <testcase classname="com.hartrusion.modeling.solvers.SimplifiedResistorTest" name="testBasicSeriesResistors" time="0.0"/>
  <testcase classname="com.hartrusion.modeling.solvers.SimplifiedResistorTest" name="testFlowFacesMiddleSeriesResistors" time="0.001"/>
  <testcase classname="com.hartrusion.modeling.solvers.SimplifiedResistorTest" name="testFlowFacesOuterSeriesResistors" time="0.0"/>
  <testcase classname="com.hartrusion.modeling.solvers.SimplifiedResistorTest" name="testFullReverseOrderSeriesResistors" time="0.0"/>
  <testcase classname="com.hartrusion.modeling.solvers.SimplifiedResistorTest" name="testMixedOrderParallelResistors" time="0.0"/>
  <testcase classname="com.hartrusion.modeling.solvers.SimplifiedResistorTest" name="testMixedReverseOrderParallelResistors" time="0.0"/>
  <testcase classname="com.hartrusion.modeling.solvers.SimplifiedResistorTest" name="testReverseParallelResistors" time="0.0"/>
  <testcase classname="com.hartrusion.modeling.solvers.StarSquareTransformTest" name="testComplexFeedwaterDetail" time="0.001"/>
  <testcase classname="com.hartrusion.modeling.solvers.StarSquareTransformTest" name="testIndecipherableMayhem" time="0.0"/>
  <testcase classname="com.hartrusion.modeling.solvers.StarSquareTransformTest" name="testTwoBridgesVShaped" time="0.001"/>
  <testcase classname="com.hartrusion.modeling.thermal.ThermalLogGradientResistanceTest" name="testStepResponses" time="0.009"/>
  <testcase classname="com.hartrusion.modeling.assemblies.HeatExchangerNoMassTest" name="differentFlowsAndEqualTemperatures" time="0.0"/>
  <testcase classname="com.hartrusion.modeling.assemblies.HeatExchangerNoMassTest" name="equalFlowsAndDifferentTemperatures" time="0.008"/>
  <testcase classname="com.hartrusion.modeling.assemblies.HeatExchangerNoMassTest" name="equalFlowsAndTemperatures" time="0.0"/>
  <testcase classname="com.hartrusion.modeling.assemblies.HeatExchangerNoMassTest" name="testZeroFlow" time="0.0"/>
  <testcase classname="com.hartrusion.modeling.assemblies.PhasedSuperheaterTest" name="chernobylTurbine" time="0.02"/>
  <testcase classname="com.hartrusion.modeling.assemblies.PhasedSuperheaterTest" name="testZeroFlow" time="0.001">
    <failure type="java.lang.AssertionError" message="expected [1260000.0] but found [1262144.2692385316]">
      <![CDATA[java.lang.AssertionError: expected [1260000.0] but found [1262144.2692385316]
at com.hartrusion.modeling.assemblies.PhasedSuperheaterTest.testZeroFlow(PhasedSuperheaterTest.java:209)
... Removed 26 stack frames]]>
    </failure>
  </testcase> <!-- testZeroFlow -->
  <testcase classname="com.hartrusion.modeling.assemblies.PhasedExchangerNoMassTest" name="differentFlowsAndEqualTemperatures" time="0.0"/>
  <testcase classname="com.hartrusion.modeling.assemblies.PhasedExchangerNoMassTest" name="equalFlowsAndDifferentTemperatures" time="0.005"/>
  <testcase classname="com.hartrusion.modeling.assemblies.PhasedExchangerNoMassTest" name="equalFlowsAndTemperatures" time="0.0"/>
  <testcase classname="com.hartrusion.modeling.assemblies.PhasedExchangerNoMassTest" name="testZeroFlow" time="0.001"/>
  <testcase classname="com.hartrusion.modeling.assemblies.PhasedHeatExchangerNoMassTest" name="testAuxCondensateFailure" time="0.001"/>
  <testcase classname="com.hartrusion.modeling.assemblies.PhasedCondenserTest" name="testZeroFlow" time="0.002"/>
  <testcase classname="com.hartrusion.modeling.assemblies.PhasedCondenserNoMassTest" name="testZeroFlow" time="0.001"/>
  <testcase classname="com.hartrusion.modeling.general.LinearDissipatorTest" name="testBasicOhmsLaw" time="0.0"/>
  <testcase classname="com.hartrusion.modeling.general.LinearDissipatorTest" name="testOpenConnectionWithVoltageSource" time="0.0"/>
  <testcase classname="com.hartrusion.modeling.general.FlowSourceTest" name="testBridgedSource" time="0.0"/>
  <testcase classname="com.hartrusion.modeling.general.FlowSourceTest" name="testOpenSource" time="0.0"/>
  <testcase classname="com.hartrusion.modeling.general.FlowSourceTest" name="testSourceAndResistor" time="0.0"/>
  <testcase classname="com.hartrusion.modeling.general.EffortSourceTest" name="testOpenSource" time="0.0"/>
  <testcase classname="com.hartrusion.modeling.general.EffortSourceTest" name="testSourceAndResistor" time="0.0"/>
  <testcase classname="com.hartrusion.modeling.general.MutualCapacitanceTest" name="testChargeFunction" time="0.004"/>
  <testcase classname="com.hartrusion.modeling.general.MutualCapacitanceTest" name="testChargeFunction" time="0.0"/>
  <testcase classname="com.hartrusion.modeling.general.MutualCapacitanceTest" name="testChargeFunction" time="0.0"/>
  <testcase classname="com.hartrusion.modeling.phasedfluid.PhasedClosedSteamedReservoirTest" name="testValidateEnergyCirculation" time="0.0"/>
  <testcase classname="com.hartrusion.modeling.phasedfluid.PhasedClosedSteamedReservoirTest" name="testValidateEnergyNoFlow" time="0.0"/>
  <testcase classname="com.hartrusion.modeling.phasedfluid.PhasedPropertiesWaterTest" name="testGetAvgDensity" time="0.0"/>
  <testcase classname="com.hartrusion.modeling.phasedfluid.PhasedPropertiesWaterTest" name="testGetDensity" time="0.0"/>
  <testcase classname="com.hartrusion.modeling.phasedfluid.PhasedPropertiesWaterTest" name="testGetSaturationEffort" time="0.0"/>
  <testcase classname="com.hartrusion.modeling.phasedfluid.PhasedPropertiesWaterTest" name="testGetSaturationTemperature" time="0.0"/>
  <testcase classname="com.hartrusion.modeling.phasedfluid.PhasedPropertiesWaterTest" name="testGetVapourFraction" time="0.0"/>
  <testcase classname="com.hartrusion.modeling.phasedfluid.PhasedExpandingThermalExchangerTest" name="testEvaporatingNoFlowHeatUp" time="0.0"/>
  <testcase classname="com.hartrusion.modeling.phasedfluid.PhasedExpandingThermalExchangerTest" name="testHeatupAndFlowthrough" time="0.052"/>
  <testcase classname="com.hartrusion.modeling.phasedfluid.PhasedExpandingThermalExchangerTest" name="testNoFlow" time="0.001"/>
  <testcase classname="com.hartrusion.modeling.phasedfluid.PhasedExpandingThermalExchangerTest" name="testNoFlowFluidHeatUp" time="0.0"/>
  <testcase classname="com.hartrusion.modeling.phasedfluid.PhasedExpandingThermalExchangerTest" name="testNoHeatupFlushThrough" time="0.001"/>
  <testcase classname="com.hartrusion.modeling.phasedfluid.PhasedExpandingThermalExchangerTest" name="testNoHeatupReverseFlushThrough" time="0.0"/>
  <testcase classname="com.hartrusion.modeling.phasedfluid.PhasedExpandingThermalExchangerTest" name="testReverseEvaporatingHeatUp" time="0.001"/>
</testsuite> <!-- Command line test -->
