<?xml version="1.0" encoding="UTF-8"?>
<testng-results ignored="0" total="89" passed="87" failed="2" skipped="0">
  <reporter-output>
  </reporter-output>
  <suite started-at="2026-06-16T06:23:47Z" name="Command line suite" finished-at="2026-06-16T06:23:47Z" duration-ms="231">
    <groups>
    </groups>
    <test started-at="2026-06-16T06:23:47Z" name="Command line test" finished-at="2026-06-16T06:23:47Z" duration-ms="231">
      <class name="com.hartrusion.modeling.general.MutualCapacitanceTest">
        <test-method is-config="true" signature="setUpClass()[pri:0, instance:com.hartrusion.modeling.general.MutualCapacitanceTest@3b0143d3]" started-at="2026-06-16T06:23:47Z" name="setUpClass" finished-at="2026-06-16T06:23:47Z" duration-ms="0" status="PASS">
          <reporter-output>
          </reporter-output>
        </test-method> <!-- setUpClass -->
        <test-method signature="testChargeFunction(double)[pri:0, instance:com.hartrusion.modeling.general.MutualCapacitanceTest@3b0143d3]" started-at="2026-06-16T06:23:47Z" name="testChargeFunction" data-provider="stepTime" finished-at="2026-06-16T06:23:47Z" duration-ms="4" status="PASS">
          <params>
            <param index="0">
              <value>
                <![CDATA[0.01]]>
              </value>
            </param>
          </params>
          <reporter-output>
          </reporter-output>
        </test-method> <!-- testChargeFunction -->
        <test-method is-config="true" signature="setUpMethod()[pri:0, instance:com.hartrusion.modeling.general.MutualCapacitanceTest@3b0143d3]" started-at="2026-06-16T06:23:47Z" name="setUpMethod" finished-at="2026-06-16T06:23:47Z" duration-ms="0" status="PASS">
          <reporter-output>
          </reporter-output>
        </test-method> <!-- setUpMethod -->
        <test-method is-config="true" signature="tearDownMethod()[pri:0, instance:com.hartrusion.modeling.general.MutualCapacitanceTest@3b0143d3]" started-at="2026-06-16T06:23:47Z" name="tearDownMethod" finished-at="2026-06-16T06:23:47Z" duration-ms="0" status="PASS">
          <reporter-output>
          </reporter-output>
        </test-method> <!-- tearDownMethod -->
        <test-method is-config="true" signature="tearDownMethod()[pri:0, instance:com.hartrusion.modeling.general.MutualCapacitanceTest@3b0143d3]" started-at="2026-06-16T06:23:47Z" name="tearDownMethod" finished-at="2026-06-16T06:23:47Z" duration-ms="0" status="PASS">
          <reporter-output>
          </reporter-output>
        </test-method> <!-- tearDownMethod -->
        <test-method is-config="true" signature="setUpMethod()[pri:0, instance:com.hartrusion.modeling.general.MutualCapacitanceTest@3b0143d3]" started-at="2026-06-16T06:23:47Z" name="setUpMethod" finished-at="2026-06-16T06:23:47Z" duration-ms="0" status="PASS">
          <reporter-output>
          </reporter-output>
        </test-method> <!-- setUpMethod -->
        <test-method signature="testChargeFunction(double)[pri:0, instance:com.hartrusion.modeling.general.MutualCapacitanceTest@3b0143d3]" started-at="2026-06-16T06:23:47Z" name="testChargeFunction" data-provider="stepTime" finished-at="2026-06-16T06:23:47Z" duration-ms="0" status="PASS">
          <params>
            <param index="0">
              <value>
                <![CDATA[0.1]]>
              </value>
            </param>
          </params>
          <reporter-output>
          </reporter-output>
        </test-method> <!-- testChargeFunction -->
        <test-method is-config="true" signature="setUpMethod()[pri:0, instance:com.hartrusion.modeling.general.MutualCapacitanceTest@3b0143d3]" started-at="2026-06-16T06:23:47Z" name="setUpMethod" finished-at="2026-06-16T06:23:47Z" duration-ms="0" status="PASS">
          <reporter-output>
          </reporter-output>
        </test-method> <!-- setUpMethod -->
        <test-method signature="testChargeFunction(double)[pri:0, instance:com.hartrusion.modeling.general.MutualCapacitanceTest@3b0143d3]" started-at="2026-06-16T06:23:47Z" name="testChargeFunction" data-provider="stepTime" finished-at="2026-06-16T06:23:47Z" duration-ms="0" status="PASS">
          <params>
            <param index="0">
              <value>
                <![CDATA[0.2]]>
              </value>
            </param>
          </params>
          <reporter-output>
          </reporter-output>
        </test-method> <!-- testChargeFunction -->
        <test-method is-config="true" signature="tearDownMethod()[pri:0, instance:com.hartrusion.modeling.general.MutualCapacitanceTest@3b0143d3]" started-at="2026-06-16T06:23:47Z" name="tearDownMethod" finished-at="2026-06-16T06:23:47Z" duration-ms="0" status="PASS">
          <reporter-output>
          </reporter-output>
        </test-method> <!-- tearDownMethod -->
      </class> <!-- com.hartrusion.modeling.general.MutualCapacitanceTest -->
      <class name="com.hartrusion.modeling.phasedfluid.PhasedPropertiesWaterTest">
        <test-method signature="testGetDensity()[pri:0, instance:com.hartrusion.modeling.phasedfluid.PhasedPropertiesWaterTest@4b4523f8]" started-at="2026-06-16T06:23:47Z" name="testGetDensity" finished-at="2026-06-16T06:23:47Z" duration-ms="0" status="PASS">
          <reporter-output>
          </reporter-output>
        </test-method> <!-- testGetDensity -->
        <test-method signature="testGetAvgDensity()[pri:0, instance:com.hartrusion.modeling.phasedfluid.PhasedPropertiesWaterTest@4b4523f8]" started-at="2026-06-16T06:23:47Z" name="testGetAvgDensity" finished-at="2026-06-16T06:23:47Z" duration-ms="0" status="PASS">
          <reporter-output>
          </reporter-output>
        </test-method> <!-- testGetAvgDensity -->
        <test-method signature="testGetSaturationTemperature()[pri:0, instance:com.hartrusion.modeling.phasedfluid.PhasedPropertiesWaterTest@4b4523f8]" started-at="2026-06-16T06:23:47Z" name="testGetSaturationTemperature" finished-at="2026-06-16T06:23:47Z" duration-ms="0" status="PASS">
          <reporter-output>
          </reporter-output>
        </test-method> <!-- testGetSaturationTemperature -->
        <test-method signature="testGetSaturationEffort()[pri:0, instance:com.hartrusion.modeling.phasedfluid.PhasedPropertiesWaterTest@4b4523f8]" started-at="2026-06-16T06:23:47Z" name="testGetSaturationEffort" finished-at="2026-06-16T06:23:47Z" duration-ms="0" status="PASS">
          <reporter-output>
          </reporter-output>
        </test-method> <!-- testGetSaturationEffort -->
        <test-method signature="testGetVapourFraction()[pri:0, instance:com.hartrusion.modeling.phasedfluid.PhasedPropertiesWaterTest@4b4523f8]" started-at="2026-06-16T06:23:47Z" name="testGetVapourFraction" finished-at="2026-06-16T06:23:47Z" duration-ms="0" status="PASS">
          <reporter-output>
          </reporter-output>
        </test-method> <!-- testGetVapourFraction -->
      </class> <!-- com.hartrusion.modeling.phasedfluid.PhasedPropertiesWaterTest -->
      <class name="com.hartrusion.modeling.assemblies.PhasedHeatExchangerNoMassTest">
        <test-method is-config="true" signature="setUpMethod()[pri:0, instance:com.hartrusion.modeling.assemblies.PhasedHeatExchangerNoMassTest@335eadca]" started-at="2026-06-16T06:23:47Z" name="setUpMethod" finished-at="2026-06-16T06:23:47Z" duration-ms="1" status="PASS">
          <reporter-output>
          </reporter-output>
        </test-method> <!-- setUpMethod -->
        <test-method is-config="true" signature="setUpClass()[pri:0, instance:com.hartrusion.modeling.assemblies.PhasedHeatExchangerNoMassTest@335eadca]" started-at="2026-06-16T06:23:47Z" name="setUpClass" finished-at="2026-06-16T06:23:47Z" duration-ms="0" status="PASS">
          <reporter-output>
          </reporter-output>
        </test-method> <!-- setUpClass -->
        <test-method signature="testAuxCondensateFailure()[pri:0, instance:com.hartrusion.modeling.assemblies.PhasedHeatExchangerNoMassTest@335eadca]" started-at="2026-06-16T06:23:47Z" name="testAuxCondensateFailure" finished-at="2026-06-16T06:23:47Z" duration-ms="1" status="PASS">
          <reporter-output>
          </reporter-output>
        </test-method> <!-- testAuxCondensateFailure -->
        <test-method is-config="true" signature="tearDownMethod()[pri:0, instance:com.hartrusion.modeling.assemblies.PhasedHeatExchangerNoMassTest@335eadca]" started-at="2026-06-16T06:23:47Z" name="tearDownMethod" finished-at="2026-06-16T06:23:47Z" duration-ms="0" status="PASS">
          <reporter-output>
          </reporter-output>
        </test-method> <!-- tearDownMethod -->
      </class> <!-- com.hartrusion.modeling.assemblies.PhasedHeatExchangerNoMassTest -->
      <class name="com.hartrusion.modeling.solvers.TransferSubnetTest">
        <test-method is-config="true" signature="setUpClass()[pri:0, instance:com.hartrusion.modeling.solvers.TransferSubnetTest@6b09bb57]" started-at="2026-06-16T06:23:47Z" name="setUpClass" finished-at="2026-06-16T06:23:47Z" duration-ms="0" status="PASS">
          <reporter-output>
          </reporter-output>
        </test-method> <!-- setUpClass -->
        <test-method signature="testMainCirculationPumps()[pri:0, instance:com.hartrusion.modeling.solvers.TransferSubnetTest@6b09bb57]" started-at="2026-06-16T06:23:47Z" name="testMainCirculationPumps" finished-at="2026-06-16T06:23:47Z" duration-ms="4" status="PASS">
          <reporter-output>
          </reporter-output>
        </test-method> <!-- testMainCirculationPumps -->
        <test-method signature="testMainCirculationPumpsWithSteamOut()[pri:0, instance:com.hartrusion.modeling.solvers.TransferSubnetTest@6b09bb57]" started-at="2026-06-16T06:23:47Z" name="testMainCirculationPumpsWithSteamOut" finished-at="2026-06-16T06:23:47Z" duration-ms="1" status="PASS">
          <reporter-output>
          </reporter-output>
        </test-method> <!-- testMainCirculationPumpsWithSteamOut -->
        <test-method signature="testNoOrigin()[pri:0, instance:com.hartrusion.modeling.solvers.TransferSubnetTest@6b09bb57]" started-at="2026-06-16T06:23:47Z" name="testNoOrigin" finished-at="2026-06-16T06:23:47Z" duration-ms="1" status="PASS">
          <reporter-output>
          </reporter-output>
        </test-method> <!-- testNoOrigin -->
        <test-method signature="testMinimumNetwork()[pri:0, instance:com.hartrusion.modeling.solvers.TransferSubnetTest@6b09bb57]" started-at="2026-06-16T06:23:47Z" name="testMinimumNetwork" finished-at="2026-06-16T06:23:47Z" duration-ms="0" status="PASS">
          <reporter-output>
          </reporter-output>
        </test-method> <!-- testMinimumNetwork -->
        <test-method signature="testThermalFlowSources()[pri:0, instance:com.hartrusion.modeling.solvers.TransferSubnetTest@6b09bb57]" started-at="2026-06-16T06:23:47Z" name="testThermalFlowSources" finished-at="2026-06-16T06:23:47Z" duration-ms="1" status="PASS">
          <reporter-output>
          </reporter-output>
        </test-method> <!-- testThermalFlowSources -->
        <test-method signature="testThermalFlowSourcesSharedOrigin()[pri:0, instance:com.hartrusion.modeling.solvers.TransferSubnetTest@6b09bb57]" started-at="2026-06-16T06:23:47Z" name="testThermalFlowSourcesSharedOrigin" finished-at="2026-06-16T06:23:47Z" duration-ms="1" status="PASS">
          <reporter-output>
          </reporter-output>
        </test-method> <!-- testThermalFlowSourcesSharedOrigin -->
        <test-method signature="testThreeCapacitancePorts()[pri:0, instance:com.hartrusion.modeling.solvers.TransferSubnetTest@6b09bb57]" started-at="2026-06-16T06:23:47Z" name="testThreeCapacitancePorts" finished-at="2026-06-16T06:23:47Z" duration-ms="0" status="PASS">
          <reporter-output>
          </reporter-output>
        </test-method> <!-- testThreeCapacitancePorts -->
        <test-method signature="testTwoPumpsOneTankExample()[pri:0, instance:com.hartrusion.modeling.solvers.TransferSubnetTest@6b09bb57]" started-at="2026-06-16T06:23:47Z" name="testTwoPumpsOneTankExample" finished-at="2026-06-16T06:23:47Z" duration-ms="1" status="PASS">
          <reporter-output>
          </reporter-output>
        </test-method> <!-- testTwoPumpsOneTankExample -->
        <test-method signature="testTwoOriginElements()[pri:0, instance:com.hartrusion.modeling.solvers.TransferSubnetTest@6b09bb57]" started-at="2026-06-16T06:23:47Z" name="testTwoOriginElements" finished-at="2026-06-16T06:23:47Z" duration-ms="0" status="PASS">
          <reporter-output>
          </reporter-output>
        </test-method> <!-- testTwoOriginElements -->
        <test-method signature="testTwoCapacitancePorts()[pri:0, instance:com.hartrusion.modeling.solvers.TransferSubnetTest@6b09bb57]" started-at="2026-06-16T06:23:47Z" name="testTwoCapacitancePorts" finished-at="2026-06-16T06:23:47Z" duration-ms="0" status="PASS">
          <reporter-output>
          </reporter-output>
        </test-method> <!-- testTwoCapacitancePorts -->
      </class> <!-- com.hartrusion.modeling.solvers.TransferSubnetTest -->
      <class name="com.hartrusion.modeling.solvers.SuperPositionTest">
        <test-method is-config="true" signature="setUpClass()[pri:0, instance:com.hartrusion.modeling.solvers.SuperPositionTest@13a5fe33]" started-at="2026-06-16T06:23:47Z" name="setUpClass" finished-at="2026-06-16T06:23:47Z" duration-ms="16" status="PASS">
          <reporter-output>
          </reporter-output>
        </test-method> <!-- setUpClass -->
        <test-method signature="testBasicNetwork()[pri:0, instance:com.hartrusion.modeling.solvers.SuperPositionTest@13a5fe33]" started-at="2026-06-16T06:23:47Z" name="testBasicNetwork" finished-at="2026-06-16T06:23:47Z" duration-ms="19" status="PASS">
          <reporter-output>
          </reporter-output>
        </test-method> <!-- testBasicNetwork -->
        <test-method signature="testEffortSourcesWithOpenConnections()[pri:0, instance:com.hartrusion.modeling.solvers.SuperPositionTest@13a5fe33]" started-at="2026-06-16T06:23:47Z" name="testEffortSourcesWithOpenConnections" finished-at="2026-06-16T06:23:47Z" duration-ms="3" status="PASS">
          <reporter-output>
          </reporter-output>
        </test-method> <!-- testEffortSourcesWithOpenConnections -->
        <test-method signature="testSummerTermExam()[pri:0, instance:com.hartrusion.modeling.solvers.SuperPositionTest@13a5fe33]" started-at="2026-06-16T06:23:47Z" name="testSummerTermExam" finished-at="2026-06-16T06:23:47Z" duration-ms="2" status="PASS">
          <reporter-output>
          </reporter-output>
        </test-method> <!-- testSummerTermExam -->
      </class> <!-- com.hartrusion.modeling.solvers.SuperPositionTest -->
      <class name="com.hartrusion.modeling.phasedfluid.PhasedExpandingThermalExchangerTest">
        <test-method is-config="true" signature="setUpMethod()[pri:0, instance:com.hartrusion.modeling.phasedfluid.PhasedExpandingThermalExchangerTest@731a74c]" started-at="2026-06-16T06:23:47Z" name="setUpMethod" finished-at="2026-06-16T06:23:47Z" duration-ms="0" status="PASS">
          <reporter-output>
          </reporter-output>
        </test-method> <!-- setUpMethod -->
        <test-method is-config="true" signature="tearDownMethod()[pri:0, instance:com.hartrusion.modeling.phasedfluid.PhasedExpandingThermalExchangerTest@731a74c]" started-at="2026-06-16T06:23:47Z" name="tearDownMethod" finished-at="2026-06-16T06:23:47Z" duration-ms="1" status="PASS">
          <reporter-output>
          </reporter-output>
        </test-method> <!-- tearDownMethod -->
        <test-method is-config="true" signature="setUpClass()[pri:0, instance:com.hartrusion.modeling.phasedfluid.PhasedExpandingThermalExchangerTest@731a74c]" started-at="2026-06-16T06:23:47Z" name="setUpClass" finished-at="2026-06-16T06:23:47Z" duration-ms="0" status="PASS">
          <reporter-output>
          </reporter-output>
        </test-method> <!-- setUpClass -->
        <test-method signature="testEvaporatingNoFlowHeatUp()[pri:0, instance:com.hartrusion.modeling.phasedfluid.PhasedExpandingThermalExchangerTest@731a74c]" started-at="2026-06-16T06:23:47Z" name="testEvaporatingNoFlowHeatUp" finished-at="2026-06-16T06:23:47Z" duration-ms="0" status="PASS">
          <reporter-output>
          </reporter-output>
        </test-method> <!-- testEvaporatingNoFlowHeatUp -->
        <test-method signature="testHeatupAndFlowthrough()[pri:0, instance:com.hartrusion.modeling.phasedfluid.PhasedExpandingThermalExchangerTest@731a74c]" started-at="2026-06-16T06:23:47Z" name="testHeatupAndFlowthrough" finished-at="2026-06-16T06:23:47Z" duration-ms="52" status="PASS">
          <reporter-output>
          </reporter-output>
        </test-method> <!-- testHeatupAndFlowthrough -->
        <test-method is-config="true" signature="setUpMethod()[pri:0, instance:com.hartrusion.modeling.phasedfluid.PhasedExpandingThermalExchangerTest@731a74c]" started-at="2026-06-16T06:23:47Z" name="setUpMethod" finished-at="2026-06-16T06:23:47Z" duration-ms="0" status="PASS">
          <reporter-output>
          </reporter-output>
        </test-method> <!-- setUpMethod -->
        <test-method is-config="true" signature="setUpMethod()[pri:0, instance:com.hartrusion.modeling.phasedfluid.PhasedExpandingThermalExchangerTest@731a74c]" started-at="2026-06-16T06:23:47Z" name="setUpMethod" finished-at="2026-06-16T06:23:47Z" duration-ms="0" status="PASS">
          <reporter-output>
          </reporter-output>
        </test-method> <!-- setUpMethod -->
        <test-method is-config="true" signature="tearDownMethod()[pri:0, instance:com.hartrusion.modeling.phasedfluid.PhasedExpandingThermalExchangerTest@731a74c]" started-at="2026-06-16T06:23:47Z" name="tearDownMethod" finished-at="2026-06-16T06:23:47Z" duration-ms="0" status="PASS">
          <reporter-output>
          </reporter-output>
        </test-method> <!-- tearDownMethod -->
        <test-method signature="testNoFlow()[pri:0, instance:com.hartrusion.modeling.phasedfluid.PhasedExpandingThermalExchangerTest@731a74c]" started-at="2026-06-16T06:23:47Z" name="testNoFlow" finished-at="2026-06-16T06:23:47Z" duration-ms="1" status="PASS">
          <reporter-output>
          </reporter-output>
        </test-method> <!-- testNoFlow -->
        <test-method is-config="true" signature="tearDownMethod()[pri:0, instance:com.hartrusion.modeling.phasedfluid.PhasedExpandingThermalExchangerTest@731a74c]" started-at="2026-06-16T06:23:47Z" name="tearDownMethod" finished-at="2026-06-16T06:23:47Z" duration-ms="0" status="PASS">
          <reporter-output>
          </reporter-output>
        </test-method> <!-- tearDownMethod -->
        <test-method is-config="true" signature="tearDownMethod()[pri:0, instance:com.hartrusion.modeling.phasedfluid.PhasedExpandingThermalExchangerTest@731a74c]" started-at="2026-06-16T06:23:47Z" name="tearDownMethod" finished-at="2026-06-16T06:23:47Z" duration-ms="0" status="PASS">
          <reporter-output>
          </reporter-output>
        </test-method> <!-- tearDownMethod -->
        <test-method signature="testNoHeatupFlushThrough()[pri:0, instance:com.hartrusion.modeling.phasedfluid.PhasedExpandingThermalExchangerTest@731a74c]" started-at="2026-06-16T06:23:47Z" name="testNoHeatupFlushThrough" finished-at="2026-06-16T06:23:47Z" duration-ms="1" status="PASS">
          <reporter-output>
          </reporter-output>
        </test-method> <!-- testNoHeatupFlushThrough -->
        <test-method is-config="true" signature="setUpMethod()[pri:0, instance:com.hartrusion.modeling.phasedfluid.PhasedExpandingThermalExchangerTest@731a74c]" started-at="2026-06-16T06:23:47Z" name="setUpMethod" finished-at="2026-06-16T06:23:47Z" duration-ms="0" status="PASS">
          <reporter-output>
          </reporter-output>
        </test-method> <!-- setUpMethod -->
        <test-method signature="testNoFlowFluidHeatUp()[pri:0, instance:com.hartrusion.modeling.phasedfluid.PhasedExpandingThermalExchangerTest@731a74c]" started-at="2026-06-16T06:23:47Z" name="testNoFlowFluidHeatUp" finished-at="2026-06-16T06:23:47Z" duration-ms="0" status="PASS">
          <reporter-output>
          </reporter-output>
        </test-method> <!-- testNoFlowFluidHeatUp -->
        <test-method is-config="true" signature="setUpMethod()[pri:0, instance:com.hartrusion.modeling.phasedfluid.PhasedExpandingThermalExchangerTest@731a74c]" started-at="2026-06-16T06:23:47Z" name="setUpMethod" finished-at="2026-06-16T06:23:47Z" duration-ms="0" status="PASS">
          <reporter-output>
          </reporter-output>
        </test-method> <!-- setUpMethod -->
        <test-method is-config="true" signature="tearDownMethod()[pri:0, instance:com.hartrusion.modeling.phasedfluid.PhasedExpandingThermalExchangerTest@731a74c]" started-at="2026-06-16T06:23:47Z" name="tearDownMethod" finished-at="2026-06-16T06:23:47Z" duration-ms="0" status="PASS">
          <reporter-output>
          </reporter-output>
        </test-method> <!-- tearDownMethod -->
        <test-method signature="testReverseEvaporatingHeatUp()[pri:0, instance:com.hartrusion.modeling.phasedfluid.PhasedExpandingThermalExchangerTest@731a74c]" started-at="2026-06-16T06:23:47Z" name="testReverseEvaporatingHeatUp" finished-at="2026-06-16T06:23:47Z" duration-ms="1" status="PASS">
          <reporter-output>
          </reporter-output>
        </test-method> <!-- testReverseEvaporatingHeatUp -->
        <test-method is-config="true" signature="setUpMethod()[pri:0, instance:com.hartrusion.modeling.phasedfluid.PhasedExpandingThermalExchangerTest@731a74c]" started-at="2026-06-16T06:23:47Z" name="setUpMethod" finished-at="2026-06-16T06:23:47Z" duration-ms="0" status="PASS">
          <reporter-output>
          </reporter-output>
        </test-method> <!-- setUpMethod -->
        <test-method signature="testNoHeatupReverseFlushThrough()[pri:0, instance:com.hartrusion.modeling.phasedfluid.PhasedExpandingThermalExchangerTest@731a74c]" started-at="2026-06-16T06:23:47Z" name="testNoHeatupReverseFlushThrough" finished-at="2026-06-16T06:23:47Z" duration-ms="0" status="PASS">
          <reporter-output>
          </reporter-output>
        </test-method> <!-- testNoHeatupReverseFlushThrough -->
        <test-method is-config="true" signature="tearDownMethod()[pri:0, instance:com.hartrusion.modeling.phasedfluid.PhasedExpandingThermalExchangerTest@731a74c]" started-at="2026-06-16T06:23:47Z" name="tearDownMethod" finished-at="2026-06-16T06:23:47Z" duration-ms="0" status="PASS">
          <reporter-output>
          </reporter-output>
        </test-method> <!-- tearDownMethod -->
        <test-method is-config="true" signature="setUpMethod()[pri:0, instance:com.hartrusion.modeling.phasedfluid.PhasedExpandingThermalExchangerTest@731a74c]" started-at="2026-06-16T06:23:47Z" name="setUpMethod" finished-at="2026-06-16T06:23:47Z" duration-ms="0" status="PASS">
          <reporter-output>
          </reporter-output>
        </test-method> <!-- setUpMethod -->
        <test-method is-config="true" signature="tearDownMethod()[pri:0, instance:com.hartrusion.modeling.phasedfluid.PhasedExpandingThermalExchangerTest@731a74c]" started-at="2026-06-16T06:23:47Z" name="tearDownMethod" finished-at="2026-06-16T06:23:47Z" duration-ms="0" status="PASS">
          <reporter-output>
          </reporter-output>
        </test-method> <!-- tearDownMethod -->
      </class> <!-- com.hartrusion.modeling.phasedfluid.PhasedExpandingThermalExchangerTest -->
      <class name="com.hartrusion.modeling.general.FlowSourceTest">
        <test-method is-config="true" signature="setUpClass()[pri:0, instance:com.hartrusion.modeling.general.FlowSourceTest@6ddf90b0]" started-at="2026-06-16T06:23:47Z" name="setUpClass" finished-at="2026-06-16T06:23:47Z" duration-ms="0" status="PASS">
          <reporter-output>
          </reporter-output>
        </test-method> <!-- setUpClass -->
        <test-method is-config="true" signature="setUpMethod()[pri:0, instance:com.hartrusion.modeling.general.FlowSourceTest@6ddf90b0]" started-at="2026-06-16T06:23:47Z" name="setUpMethod" finished-at="2026-06-16T06:23:47Z" duration-ms="0" status="PASS">
          <reporter-output>
          </reporter-output>
        </test-method> <!-- setUpMethod -->
        <test-method is-config="true" signature="tearDownMethod()[pri:0, instance:com.hartrusion.modeling.general.FlowSourceTest@6ddf90b0]" started-at="2026-06-16T06:23:47Z" name="tearDownMethod" finished-at="2026-06-16T06:23:47Z" duration-ms="0" status="PASS">
          <reporter-output>
          </reporter-output>
        </test-method> <!-- tearDownMethod -->
        <test-method is-config="true" signature="setUpMethod()[pri:0, instance:com.hartrusion.modeling.general.FlowSourceTest@6ddf90b0]" started-at="2026-06-16T06:23:47Z" name="setUpMethod" finished-at="2026-06-16T06:23:47Z" duration-ms="0" status="PASS">
          <reporter-output>
          </reporter-output>
        </test-method> <!-- setUpMethod -->
        <test-method signature="testBridgedSource()[pri:0, instance:com.hartrusion.modeling.general.FlowSourceTest@6ddf90b0]" started-at="2026-06-16T06:23:47Z" name="testBridgedSource" finished-at="2026-06-16T06:23:47Z" duration-ms="0" status="PASS">
          <reporter-output>
          </reporter-output>
        </test-method> <!-- testBridgedSource -->
        <test-method signature="testOpenSource()[pri:0, instance:com.hartrusion.modeling.general.FlowSourceTest@6ddf90b0]" started-at="2026-06-16T06:23:47Z" name="testOpenSource" finished-at="2026-06-16T06:23:47Z" duration-ms="0" status="PASS">
          <reporter-output>
          </reporter-output>
        </test-method> <!-- testOpenSource -->
        <test-method is-config="true" signature="tearDownMethod()[pri:0, instance:com.hartrusion.modeling.general.FlowSourceTest@6ddf90b0]" started-at="2026-06-16T06:23:47Z" name="tearDownMethod" finished-at="2026-06-16T06:23:47Z" duration-ms="0" status="PASS">
          <reporter-output>
          </reporter-output>
        </test-method> <!-- tearDownMethod -->
        <test-method is-config="true" signature="setUpMethod()[pri:0, instance:com.hartrusion.modeling.general.FlowSourceTest@6ddf90b0]" started-at="2026-06-16T06:23:47Z" name="setUpMethod" finished-at="2026-06-16T06:23:47Z" duration-ms="0" status="PASS">
          <reporter-output>
          </reporter-output>
        </test-method> <!-- setUpMethod -->
        <test-method is-config="true" signature="tearDownMethod()[pri:0, instance:com.hartrusion.modeling.general.FlowSourceTest@6ddf90b0]" started-at="2026-06-16T06:23:47Z" name="tearDownMethod" finished-at="2026-06-16T06:23:47Z" duration-ms="0" status="PASS">
          <reporter-output>
          </reporter-output>
        </test-method> <!-- tearDownMethod -->
        <test-method signature="testSourceAndResistor()[pri:0, instance:com.hartrusion.modeling.general.FlowSourceTest@6ddf90b0]" started-at="2026-06-16T06:23:47Z" name="testSourceAndResistor" finished-at="2026-06-16T06:23:47Z" duration-ms="0" status="PASS">
          <reporter-output>
          </reporter-output>
        </test-method> <!-- testSourceAndResistor -->
      </class> <!-- com.hartrusion.modeling.general.FlowSourceTest -->
      <class name="com.hartrusion.modeling.assemblies.PhasedCondenserNoMassTest">
        <test-method is-config="true" signature="setUpMethod()[pri:0, instance:com.hartrusion.modeling.assemblies.PhasedCondenserNoMassTest@eec5a4a]" started-at="2026-06-16T06:23:47Z" name="setUpMethod" finished-at="2026-06-16T06:23:47Z" duration-ms="1" status="PASS">
          <reporter-output>
          </reporter-output>
        </test-method> <!-- setUpMethod -->
        <test-method is-config="true" signature="setUpClass()[pri:0, instance:com.hartrusion.modeling.assemblies.PhasedCondenserNoMassTest@eec5a4a]" started-at="2026-06-16T06:23:47Z" name="setUpClass" finished-at="2026-06-16T06:23:47Z" duration-ms="0" status="PASS">
          <reporter-output>
          </reporter-output>
        </test-method> <!-- setUpClass -->
        <test-method signature="testZeroFlow()[pri:0, instance:com.hartrusion.modeling.assemblies.PhasedCondenserNoMassTest@eec5a4a]" started-at="2026-06-16T06:23:47Z" name="testZeroFlow" finished-at="2026-06-16T06:23:47Z" duration-ms="1" status="PASS">
          <reporter-output>
          </reporter-output>
        </test-method> <!-- testZeroFlow -->
        <test-method is-config="true" signature="tearDownMethod()[pri:0, instance:com.hartrusion.modeling.assemblies.PhasedCondenserNoMassTest@eec5a4a]" started-at="2026-06-16T06:23:47Z" name="tearDownMethod" finished-at="2026-06-16T06:23:47Z" duration-ms="0" status="PASS">
          <reporter-output>
          </reporter-output>
        </test-method> <!-- tearDownMethod -->
      </class> <!-- com.hartrusion.modeling.assemblies.PhasedCondenserNoMassTest -->
      <class name="com.hartrusion.modeling.general.LinearDissipatorTest">
        <test-method signature="testOpenConnectionWithVoltageSource()[pri:0, instance:com.hartrusion.modeling.general.LinearDissipatorTest@2b2948e2]" started-at="2026-06-16T06:23:47Z" name="testOpenConnectionWithVoltageSource" finished-at="2026-06-16T06:23:47Z" duration-ms="0" status="PASS">
          <reporter-output>
          </reporter-output>
        </test-method> <!-- testOpenConnectionWithVoltageSource -->
        <test-method is-config="true" signature="setUpClass()[pri:0, instance:com.hartrusion.modeling.general.LinearDissipatorTest@2b2948e2]" started-at="2026-06-16T06:23:47Z" name="setUpClass" finished-at="2026-06-16T06:23:47Z" duration-ms="0" status="PASS">
          <reporter-output>
          </reporter-output>
        </test-method> <!-- setUpClass -->
        <test-method signature="testBasicOhmsLaw()[pri:0, instance:com.hartrusion.modeling.general.LinearDissipatorTest@2b2948e2]" started-at="2026-06-16T06:23:47Z" name="testBasicOhmsLaw" finished-at="2026-06-16T06:23:47Z" duration-ms="0" status="PASS">
          <reporter-output>
          </reporter-output>
        </test-method> <!-- testBasicOhmsLaw -->
      </class> <!-- com.hartrusion.modeling.general.LinearDissipatorTest -->
      <class name="com.hartrusion.modeling.solvers.RecursiveSimplifierTest">
        <test-method is-config="true" signature="setUpClass()[pri:0, instance:com.hartrusion.modeling.solvers.RecursiveSimplifierTest@5f9d02cb]" started-at="2026-06-16T06:23:47Z" name="setUpClass" finished-at="2026-06-16T06:23:47Z" duration-ms="1" status="PASS">
          <reporter-output>
          </reporter-output>
        </test-method> <!-- setUpClass -->
        <test-method signature="testBasicParallelSeriesNetwork()[pri:0, instance:com.hartrusion.modeling.solvers.RecursiveSimplifierTest@5f9d02cb]" started-at="2026-06-16T06:23:47Z" name="testBasicParallelSeriesNetwork" finished-at="2026-06-16T06:23:47Z" duration-ms="1" status="PASS">
          <reporter-output>
          </reporter-output>
        </test-method> <!-- testBasicParallelSeriesNetwork -->
        <test-method signature="testExport1()[pri:0, instance:com.hartrusion.modeling.solvers.RecursiveSimplifierTest@5f9d02cb]" started-at="2026-06-16T06:23:47Z" name="testExport1" finished-at="2026-06-16T06:23:47Z" duration-ms="7" status="PASS">
          <reporter-output>
          </reporter-output>
        </test-method> <!-- testExport1 -->
        <test-method signature="testDeadEndStar()[pri:0, instance:com.hartrusion.modeling.solvers.RecursiveSimplifierTest@5f9d02cb]" started-at="2026-06-16T06:23:47Z" name="testDeadEndStar" finished-at="2026-06-16T06:23:47Z" duration-ms="0" status="PASS">
          <reporter-output>
          </reporter-output>
        </test-method> <!-- testDeadEndStar -->
        <test-method signature="testExport2()[pri:0, instance:com.hartrusion.modeling.solvers.RecursiveSimplifierTest@5f9d02cb]" started-at="2026-06-16T06:23:47Z" name="testExport2" finished-at="2026-06-16T06:23:47Z" duration-ms="3" status="PASS">
          <reporter-output>
          </reporter-output>
        </test-method> <!-- testExport2 -->
        <test-method signature="testExport3()[pri:0, instance:com.hartrusion.modeling.solvers.RecursiveSimplifierTest@5f9d02cb]" started-at="2026-06-16T06:23:47Z" name="testExport3" finished-at="2026-06-16T06:23:47Z" duration-ms="2" status="FAIL">
          <exception class="java.lang.AssertionError">
            <message>
              <![CDATA[Calculation did not finish. expected [true] but found [false]]]>
            </message>
            <full-stacktrace>
              <![CDATA[java.lang.AssertionError: Calculation did not finish. expected [true] but found [false]
at org.testng.Assert.fail(Assert.java:96)
at org.testng.Assert.failNotEquals(Assert.java:776)
at org.testng.Assert.assertTrue(Assert.java:44)
at com.hartrusion.modeling.solvers.RecursiveSimplifierTest.testExport3(RecursiveSimplifierTest.java:1466)
at java.base/jdk.internal.reflect.DirectMethodHandleAccessor.invoke(DirectMethodHandleAccessor.java:103)
at java.base/java.lang.reflect.Method.invoke(Method.java:580)
at org.testng.internal.MethodInvocationHelper.invokeMethod(MethodInvocationHelper.java:124)
at org.testng.internal.Invoker.invokeMethod(Invoker.java:583)
at org.testng.internal.Invoker.invokeTestMethod(Invoker.java:719)
at org.testng.internal.Invoker.invokeTestMethods(Invoker.java:989)
at org.testng.internal.TestMethodWorker.invokeTestMethods(TestMethodWorker.java:125)
at org.testng.internal.TestMethodWorker.run(TestMethodWorker.java:109)
at org.testng.TestRunner.privateRun(TestRunner.java:648)
at org.testng.TestRunner.run(TestRunner.java:505)
at org.testng.SuiteRunner.runTest(SuiteRunner.java:455)
at org.testng.SuiteRunner.runSequentially(SuiteRunner.java:450)
at org.testng.SuiteRunner.privateRun(SuiteRunner.java:415)
at org.testng.SuiteRunner.run(SuiteRunner.java:364)
at org.testng.SuiteRunnerWorker.runSuite(SuiteRunnerWorker.java:52)
at org.testng.SuiteRunnerWorker.run(SuiteRunnerWorker.java:84)
at org.testng.TestNG.runSuitesSequentially(TestNG.java:1208)
at org.testng.TestNG.runSuitesLocally(TestNG.java:1137)
at org.testng.TestNG.runSuites(TestNG.java:1049)
at org.testng.TestNG.run(TestNG.java:1017)
at org.testng.TestNG.privateMain(TestNG.java:1354)
at org.testng.TestNG.main(TestNG.java:1323)
]]>
            </full-stacktrace>
          </exception> <!-- java.lang.AssertionError -->
          <reporter-output>
          </reporter-output>
        </test-method> <!-- testExport3 -->
        <test-method signature="testFloatingSeriesResistor()[pri:0, instance:com.hartrusion.modeling.solvers.RecursiveSimplifierTest@5f9d02cb]" started-at="2026-06-16T06:23:47Z" name="testFloatingSeriesResistor" finished-at="2026-06-16T06:23:47Z" duration-ms="0" status="PASS">
          <reporter-output>
          </reporter-output>
        </test-method> <!-- testFloatingSeriesResistor -->
        <test-method signature="testNetworkWithLoop()[pri:0, instance:com.hartrusion.modeling.solvers.RecursiveSimplifierTest@5f9d02cb]" started-at="2026-06-16T06:23:47Z" name="testNetworkWithLoop" finished-at="2026-06-16T06:23:47Z" duration-ms="1" status="PASS">
          <reporter-output>
          </reporter-output>
        </test-method> <!-- testNetworkWithLoop -->
        <test-method signature="testOhmsLawValidationFail()[pri:0, instance:com.hartrusion.modeling.solvers.RecursiveSimplifierTest@5f9d02cb]" started-at="2026-06-16T06:23:47Z" name="testOhmsLawValidationFail" finished-at="2026-06-16T06:23:47Z" duration-ms="1" status="PASS">
          <reporter-output>
          </reporter-output>
        </test-method> <!-- testOhmsLawValidationFail -->
        <test-method signature="testOpenBridgedResistor()[pri:0, instance:com.hartrusion.modeling.solvers.RecursiveSimplifierTest@5f9d02cb]" started-at="2026-06-16T06:23:47Z" name="testOpenBridgedResistor" finished-at="2026-06-16T06:23:47Z" duration-ms="0" status="PASS">
          <reporter-output>
          </reporter-output>
        </test-method> <!-- testOpenBridgedResistor -->
        <test-method signature="testOpenWithLargeNumbers()[pri:0, instance:com.hartrusion.modeling.solvers.RecursiveSimplifierTest@5f9d02cb]" started-at="2026-06-16T06:23:47Z" name="testOpenWithLargeNumbers" finished-at="2026-06-16T06:23:47Z" duration-ms="0" status="PASS">
          <reporter-output>
          </reporter-output>
        </test-method> <!-- testOpenWithLargeNumbers -->
        <test-method signature="testRingIsle()[pri:0, instance:com.hartrusion.modeling.solvers.RecursiveSimplifierTest@5f9d02cb]" started-at="2026-06-16T06:23:47Z" name="testRingIsle" finished-at="2026-06-16T06:23:47Z" duration-ms="0" status="PASS">
          <reporter-output>
          </reporter-output>
        </test-method> <!-- testRingIsle -->
        <test-method signature="testTwoLoopsWithSource()[pri:0, instance:com.hartrusion.modeling.solvers.RecursiveSimplifierTest@5f9d02cb]" started-at="2026-06-16T06:23:47Z" name="testTwoLoopsWithSource" finished-at="2026-06-16T06:23:47Z" duration-ms="0" status="PASS">
          <reporter-output>
          </reporter-output>
        </test-method> <!-- testTwoLoopsWithSource -->
      </class> <!-- com.hartrusion.modeling.solvers.RecursiveSimplifierTest -->
      <class name="com.hartrusion.modeling.solvers.SimplifiedResistorTest">
        <test-method is-config="true" signature="setUpClass()[pri:0, instance:com.hartrusion.modeling.solvers.SimplifiedResistorTest@18eed359]" started-at="2026-06-16T06:23:47Z" name="setUpClass" finished-at="2026-06-16T06:23:47Z" duration-ms="0" status="PASS">
          <reporter-output>
          </reporter-output>
        </test-method> <!-- setUpClass -->
        <test-method is-config="true" signature="setUpMethod()[pri:0, instance:com.hartrusion.modeling.solvers.SimplifiedResistorTest@18eed359]" started-at="2026-06-16T06:23:47Z" name="setUpMethod" finished-at="2026-06-16T06:23:47Z" duration-ms="0" status="PASS">
          <reporter-output>
          </reporter-output>
        </test-method> <!-- setUpMethod -->
        <test-method is-config="true" signature="tearDownMethod()[pri:0, instance:com.hartrusion.modeling.solvers.SimplifiedResistorTest@18eed359]" started-at="2026-06-16T06:23:47Z" name="tearDownMethod" finished-at="2026-06-16T06:23:47Z" duration-ms="0" status="PASS">
          <reporter-output>
          </reporter-output>
        </test-method> <!-- tearDownMethod -->
        <test-method signature="testBasicParallelResistors()[pri:0, instance:com.hartrusion.modeling.solvers.SimplifiedResistorTest@18eed359]" started-at="2026-06-16T06:23:47Z" name="testBasicParallelResistors" finished-at="2026-06-16T06:23:47Z" duration-ms="0" status="PASS">
          <reporter-output>
          </reporter-output>
        </test-method> <!-- testBasicParallelResistors -->
        <test-method is-config="true" signature="tearDownMethod()[pri:0, instance:com.hartrusion.modeling.solvers.SimplifiedResistorTest@18eed359]" started-at="2026-06-16T06:23:47Z" name="tearDownMethod" finished-at="2026-06-16T06:23:47Z" duration-ms="0" status="PASS">
          <reporter-output>
          </reporter-output>
        </test-method> <!-- tearDownMethod -->
        <test-method is-config="true" signature="setUpMethod()[pri:0, instance:com.hartrusion.modeling.solvers.SimplifiedResistorTest@18eed359]" started-at="2026-06-16T06:23:47Z" name="setUpMethod" finished-at="2026-06-16T06:23:47Z" duration-ms="0" status="PASS">
          <reporter-output>
          </reporter-output>
        </test-method> <!-- setUpMethod -->
        <test-method signature="testBasicSeriesResistors()[pri:0, instance:com.hartrusion.modeling.solvers.SimplifiedResistorTest@18eed359]" started-at="2026-06-16T06:23:47Z" name="testBasicSeriesResistors" finished-at="2026-06-16T06:23:47Z" duration-ms="0" status="PASS">
          <reporter-output>
          </reporter-output>
        </test-method> <!-- testBasicSeriesResistors -->
        <test-method signature="testFlowFacesMiddleSeriesResistors()[pri:0, instance:com.hartrusion.modeling.solvers.SimplifiedResistorTest@18eed359]" started-at="2026-06-16T06:23:47Z" name="testFlowFacesMiddleSeriesResistors" finished-at="2026-06-16T06:23:47Z" duration-ms="1" status="PASS">
          <reporter-output>
          </reporter-output>
        </test-method> <!-- testFlowFacesMiddleSeriesResistors -->
        <test-method is-config="true" signature="setUpMethod()[pri:0, instance:com.hartrusion.modeling.solvers.SimplifiedResistorTest@18eed359]" started-at="2026-06-16T06:23:47Z" name="setUpMethod" finished-at="2026-06-16T06:23:47Z" duration-ms="0" status="PASS">
          <reporter-output>
          </reporter-output>
        </test-method> <!-- setUpMethod -->
        <test-method is-config="true" signature="setUpMethod()[pri:0, instance:com.hartrusion.modeling.solvers.SimplifiedResistorTest@18eed359]" started-at="2026-06-16T06:23:47Z" name="setUpMethod" finished-at="2026-06-16T06:23:47Z" duration-ms="0" status="PASS">
          <reporter-output>
          </reporter-output>
        </test-method> <!-- setUpMethod -->
        <test-method is-config="true" signature="tearDownMethod()[pri:0, instance:com.hartrusion.modeling.solvers.SimplifiedResistorTest@18eed359]" started-at="2026-06-16T06:23:47Z" name="tearDownMethod" finished-at="2026-06-16T06:23:47Z" duration-ms="0" status="PASS">
          <reporter-output>
          </reporter-output>
        </test-method> <!-- tearDownMethod -->
        <test-method is-config="true" signature="setUpMethod()[pri:0, instance:com.hartrusion.modeling.solvers.SimplifiedResistorTest@18eed359]" started-at="2026-06-16T06:23:47Z" name="setUpMethod" finished-at="2026-06-16T06:23:47Z" duration-ms="0" status="PASS">
          <reporter-output>
          </reporter-output>
        </test-method> <!-- setUpMethod -->
        <test-method is-config="true" signature="tearDownMethod()[pri:0, instance:com.hartrusion.modeling.solvers.SimplifiedResistorTest@18eed359]" started-at="2026-06-16T06:23:47Z" name="tearDownMethod" finished-at="2026-06-16T06:23:47Z" duration-ms="0" status="PASS">
          <reporter-output>
          </reporter-output>
        </test-method> <!-- tearDownMethod -->
        <test-method is-config="true" signature="tearDownMethod()[pri:0, instance:com.hartrusion.modeling.solvers.SimplifiedResistorTest@18eed359]" started-at="2026-06-16T06:23:47Z" name="tearDownMethod" finished-at="2026-06-16T06:23:47Z" duration-ms="0" status="PASS">
          <reporter-output>
          </reporter-output>
        </test-method> <!-- tearDownMethod -->
        <test-method signature="testFlowFacesOuterSeriesResistors()[pri:0, instance:com.hartrusion.modeling.solvers.SimplifiedResistorTest@18eed359]" started-at="2026-06-16T06:23:47Z" name="testFlowFacesOuterSeriesResistors" finished-at="2026-06-16T06:23:47Z" duration-ms="0" status="PASS">
          <reporter-output>
          </reporter-output>
        </test-method> <!-- testFlowFacesOuterSeriesResistors -->
        <test-method is-config="true" signature="setUpMethod()[pri:0, instance:com.hartrusion.modeling.solvers.SimplifiedResistorTest@18eed359]" started-at="2026-06-16T06:23:47Z" name="setUpMethod" finished-at="2026-06-16T06:23:47Z" duration-ms="1" status="PASS">
          <reporter-output>
          </reporter-output>
        </test-method> <!-- setUpMethod -->
        <test-method signature="testFullReverseOrderSeriesResistors()[pri:0, instance:com.hartrusion.modeling.solvers.SimplifiedResistorTest@18eed359]" started-at="2026-06-16T06:23:47Z" name="testFullReverseOrderSeriesResistors" finished-at="2026-06-16T06:23:47Z" duration-ms="0" status="PASS">
          <reporter-output>
          </reporter-output>
        </test-method> <!-- testFullReverseOrderSeriesResistors -->
        <test-method is-config="true" signature="setUpMethod()[pri:0, instance:com.hartrusion.modeling.solvers.SimplifiedResistorTest@18eed359]" started-at="2026-06-16T06:23:47Z" name="setUpMethod" finished-at="2026-06-16T06:23:47Z" duration-ms="0" status="PASS">
          <reporter-output>
          </reporter-output>
        </test-method> <!-- setUpMethod -->
        <test-method is-config="true" signature="tearDownMethod()[pri:0, instance:com.hartrusion.modeling.solvers.SimplifiedResistorTest@18eed359]" started-at="2026-06-16T06:23:47Z" name="tearDownMethod" finished-at="2026-06-16T06:23:47Z" duration-ms="0" status="PASS">
          <reporter-output>
          </reporter-output>
        </test-method> <!-- tearDownMethod -->
        <test-method is-config="true" signature="setUpMethod()[pri:0, instance:com.hartrusion.modeling.solvers.SimplifiedResistorTest@18eed359]" started-at="2026-06-16T06:23:47Z" name="setUpMethod" finished-at="2026-06-16T06:23:47Z" duration-ms="0" status="PASS">
          <reporter-output>
          </reporter-output>
        </test-method> <!-- setUpMethod -->
        <test-method signature="testMixedReverseOrderParallelResistors()[pri:0, instance:com.hartrusion.modeling.solvers.SimplifiedResistorTest@18eed359]" started-at="2026-06-16T06:23:47Z" name="testMixedReverseOrderParallelResistors" finished-at="2026-06-16T06:23:47Z" duration-ms="0" status="PASS">
          <reporter-output>
          </reporter-output>
        </test-method> <!-- testMixedReverseOrderParallelResistors -->
        <test-method is-config="true" signature="tearDownMethod()[pri:0, instance:com.hartrusion.modeling.solvers.SimplifiedResistorTest@18eed359]" started-at="2026-06-16T06:23:47Z" name="tearDownMethod" finished-at="2026-06-16T06:23:47Z" duration-ms="0" status="PASS">
          <reporter-output>
          </reporter-output>
        </test-method> <!-- tearDownMethod -->
        <test-method signature="testReverseParallelResistors()[pri:0, instance:com.hartrusion.modeling.solvers.SimplifiedResistorTest@18eed359]" started-at="2026-06-16T06:23:47Z" name="testReverseParallelResistors" finished-at="2026-06-16T06:23:47Z" duration-ms="0" status="PASS">
          <reporter-output>
          </reporter-output>
        </test-method> <!-- testReverseParallelResistors -->
        <test-method is-config="true" signature="tearDownMethod()[pri:0, instance:com.hartrusion.modeling.solvers.SimplifiedResistorTest@18eed359]" started-at="2026-06-16T06:23:47Z" name="tearDownMethod" finished-at="2026-06-16T06:23:47Z" duration-ms="0" status="PASS">
          <reporter-output>
          </reporter-output>
        </test-method> <!-- tearDownMethod -->
        <test-method signature="testMixedOrderParallelResistors()[pri:0, instance:com.hartrusion.modeling.solvers.SimplifiedResistorTest@18eed359]" started-at="2026-06-16T06:23:47Z" name="testMixedOrderParallelResistors" finished-at="2026-06-16T06:23:47Z" duration-ms="0" status="PASS">
          <reporter-output>
          </reporter-output>
        </test-method> <!-- testMixedOrderParallelResistors -->
      </class> <!-- com.hartrusion.modeling.solvers.SimplifiedResistorTest -->
      <class name="com.hartrusion.modeling.general.EffortSourceTest">
        <test-method is-config="true" signature="setUpClass()[pri:0, instance:com.hartrusion.modeling.general.EffortSourceTest@57536d79]" started-at="2026-06-16T06:23:47Z" name="setUpClass" finished-at="2026-06-16T06:23:47Z" duration-ms="0" status="PASS">
          <reporter-output>
          </reporter-output>
        </test-method> <!-- setUpClass -->
        <test-method signature="testOpenSource()[pri:0, instance:com.hartrusion.modeling.general.EffortSourceTest@57536d79]" started-at="2026-06-16T06:23:47Z" name="testOpenSource" finished-at="2026-06-16T06:23:47Z" duration-ms="0" status="PASS">
          <reporter-output>
          </reporter-output>
        </test-method> <!-- testOpenSource -->
        <test-method signature="testSourceAndResistor()[pri:0, instance:com.hartrusion.modeling.general.EffortSourceTest@57536d79]" started-at="2026-06-16T06:23:47Z" name="testSourceAndResistor" finished-at="2026-06-16T06:23:47Z" duration-ms="0" status="PASS">
          <reporter-output>
          </reporter-output>
        </test-method> <!-- testSourceAndResistor -->
        <test-method is-config="true" signature="setUpMethod()[pri:0, instance:com.hartrusion.modeling.general.EffortSourceTest@57536d79]" started-at="2026-06-16T06:23:47Z" name="setUpMethod" finished-at="2026-06-16T06:23:47Z" duration-ms="0" status="PASS">
          <reporter-output>
          </reporter-output>
        </test-method> <!-- setUpMethod -->
        <test-method is-config="true" signature="tearDownMethod()[pri:0, instance:com.hartrusion.modeling.general.EffortSourceTest@57536d79]" started-at="2026-06-16T06:23:47Z" name="tearDownMethod" finished-at="2026-06-16T06:23:47Z" duration-ms="0" status="PASS">
          <reporter-output>
          </reporter-output>
        </test-method> <!-- tearDownMethod -->
        <test-method is-config="true" signature="setUpMethod()[pri:0, instance:com.hartrusion.modeling.general.EffortSourceTest@57536d79]" started-at="2026-06-16T06:23:47Z" name="setUpMethod" finished-at="2026-06-16T06:23:47Z" duration-ms="0" status="PASS">
          <reporter-output>
          </reporter-output>
        </test-method> <!-- setUpMethod -->
        <test-method is-config="true" signature="tearDownMethod()[pri:0, instance:com.hartrusion.modeling.general.EffortSourceTest@57536d79]" started-at="2026-06-16T06:23:47Z" name="tearDownMethod" finished-at="2026-06-16T06:23:47Z" duration-ms="0" status="PASS">
          <reporter-output>
          </reporter-output>
        </test-method> <!-- tearDownMethod -->
      </class> <!-- com.hartrusion.modeling.general.EffortSourceTest -->
      <class name="com.hartrusion.modeling.assemblies.PhasedExchangerNoMassTest">
        <test-method is-config="true" signature="setUpMethod()[pri:0, instance:com.hartrusion.modeling.assemblies.PhasedExchangerNoMassTest@67784306]" started-at="2026-06-16T06:23:47Z" name="setUpMethod" finished-at="2026-06-16T06:23:47Z" duration-ms="1" status="PASS">
          <reporter-output>
          </reporter-output>
        </test-method> <!-- setUpMethod -->
        <test-method is-config="true" signature="setUpClass()[pri:0, instance:com.hartrusion.modeling.assemblies.PhasedExchangerNoMassTest@67784306]" started-at="2026-06-16T06:23:47Z" name="setUpClass" finished-at="2026-06-16T06:23:47Z" duration-ms="0" status="PASS">
          <reporter-output>
          </reporter-output>
        </test-method> <!-- setUpClass -->
        <test-method signature="differentFlowsAndEqualTemperatures()[pri:0, instance:com.hartrusion.modeling.assemblies.PhasedExchangerNoMassTest@67784306]" started-at="2026-06-16T06:23:47Z" name="differentFlowsAndEqualTemperatures" finished-at="2026-06-16T06:23:47Z" duration-ms="0" status="PASS">
          <reporter-output>
          </reporter-output>
        </test-method> <!-- differentFlowsAndEqualTemperatures -->
        <test-method is-config="true" signature="setUpMethod()[pri:0, instance:com.hartrusion.modeling.assemblies.PhasedExchangerNoMassTest@67784306]" started-at="2026-06-16T06:23:47Z" name="setUpMethod" finished-at="2026-06-16T06:23:47Z" duration-ms="0" status="PASS">
          <reporter-output>
          </reporter-output>
        </test-method> <!-- setUpMethod -->
        <test-method signature="equalFlowsAndDifferentTemperatures()[pri:0, instance:com.hartrusion.modeling.assemblies.PhasedExchangerNoMassTest@67784306]" started-at="2026-06-16T06:23:47Z" name="equalFlowsAndDifferentTemperatures" finished-at="2026-06-16T06:23:47Z" duration-ms="5" status="PASS">
          <reporter-output>
          </reporter-output>
        </test-method> <!-- equalFlowsAndDifferentTemperatures -->
        <test-method is-config="true" signature="tearDownMethod()[pri:0, instance:com.hartrusion.modeling.assemblies.PhasedExchangerNoMassTest@67784306]" started-at="2026-06-16T06:23:47Z" name="tearDownMethod" finished-at="2026-06-16T06:23:47Z" duration-ms="0" status="PASS">
          <reporter-output>
          </reporter-output>
        </test-method> <!-- tearDownMethod -->
        <test-method signature="testZeroFlow()[pri:0, instance:com.hartrusion.modeling.assemblies.PhasedExchangerNoMassTest@67784306]" started-at="2026-06-16T06:23:47Z" name="testZeroFlow" finished-at="2026-06-16T06:23:47Z" duration-ms="1" status="PASS">
          <reporter-output>
          </reporter-output>
        </test-method> <!-- testZeroFlow -->
        <test-method signature="equalFlowsAndTemperatures()[pri:0, instance:com.hartrusion.modeling.assemblies.PhasedExchangerNoMassTest@67784306]" started-at="2026-06-16T06:23:47Z" name="equalFlowsAndTemperatures" finished-at="2026-06-16T06:23:47Z" duration-ms="0" status="PASS">
          <reporter-output>
          </reporter-output>
        </test-method> <!-- equalFlowsAndTemperatures -->
        <test-method is-config="true" signature="tearDownMethod()[pri:0, instance:com.hartrusion.modeling.assemblies.PhasedExchangerNoMassTest@67784306]" started-at="2026-06-16T06:23:47Z" name="tearDownMethod" finished-at="2026-06-16T06:23:47Z" duration-ms="0" status="PASS">
          <reporter-output>
          </reporter-output>
        </test-method> <!-- tearDownMethod -->
        <test-method is-config="true" signature="tearDownMethod()[pri:0, instance:com.hartrusion.modeling.assemblies.PhasedExchangerNoMassTest@67784306]" started-at="2026-06-16T06:23:47Z" name="tearDownMethod" finished-at="2026-06-16T06:23:47Z" duration-ms="0" status="PASS">
          <reporter-output>
          </reporter-output>
        </test-method> <!-- tearDownMethod -->
        <test-method is-config="true" signature="setUpMethod()[pri:0, instance:com.hartrusion.modeling.assemblies.PhasedExchangerNoMassTest@67784306]" started-at="2026-06-16T06:23:47Z" name="setUpMethod" finished-at="2026-06-16T06:23:47Z" duration-ms="0" status="PASS">
          <reporter-output>
          </reporter-output>
        </test-method> <!-- setUpMethod -->
        <test-method is-config="true" signature="setUpMethod()[pri:0, instance:com.hartrusion.modeling.assemblies.PhasedExchangerNoMassTest@67784306]" started-at="2026-06-16T06:23:47Z" name="setUpMethod" finished-at="2026-06-16T06:23:47Z" duration-ms="0" status="PASS">
          <reporter-output>
          </reporter-output>
        </test-method> <!-- setUpMethod -->
        <test-method is-config="true" signature="tearDownMethod()[pri:0, instance:com.hartrusion.modeling.assemblies.PhasedExchangerNoMassTest@67784306]" started-at="2026-06-16T06:23:47Z" name="tearDownMethod" finished-at="2026-06-16T06:23:47Z" duration-ms="0" status="PASS">
          <reporter-output>
          </reporter-output>
        </test-method> <!-- tearDownMethod -->
      </class> <!-- com.hartrusion.modeling.assemblies.PhasedExchangerNoMassTest -->
      <class name="com.hartrusion.modeling.assemblies.PhasedSuperheaterTest">
        <test-method is-config="true" signature="setUpClass()[pri:0, instance:com.hartrusion.modeling.assemblies.PhasedSuperheaterTest@185d8b6]" started-at="2026-06-16T06:23:47Z" name="setUpClass" finished-at="2026-06-16T06:23:47Z" duration-ms="0" status="PASS">
          <reporter-output>
          </reporter-output>
        </test-method> <!-- setUpClass -->
        <test-method is-config="true" signature="setUpMethod()[pri:0, instance:com.hartrusion.modeling.assemblies.PhasedSuperheaterTest@185d8b6]" started-at="2026-06-16T06:23:47Z" name="setUpMethod" finished-at="2026-06-16T06:23:47Z" duration-ms="3" status="PASS">
          <reporter-output>
          </reporter-output>
        </test-method> <!-- setUpMethod -->
        <test-method signature="chernobylTurbine()[pri:0, instance:com.hartrusion.modeling.assemblies.PhasedSuperheaterTest@185d8b6]" started-at="2026-06-16T06:23:47Z" name="chernobylTurbine" finished-at="2026-06-16T06:23:47Z" duration-ms="20" status="PASS">
          <reporter-output>
          </reporter-output>
        </test-method> <!-- chernobylTurbine -->
        <test-method is-config="true" signature="tearDownMethod()[pri:0, instance:com.hartrusion.modeling.assemblies.PhasedSuperheaterTest@185d8b6]" started-at="2026-06-16T06:23:47Z" name="tearDownMethod" finished-at="2026-06-16T06:23:47Z" duration-ms="0" status="PASS">
          <reporter-output>
          </reporter-output>
        </test-method> <!-- tearDownMethod -->
        <test-method is-config="true" signature="setUpMethod()[pri:0, instance:com.hartrusion.modeling.assemblies.PhasedSuperheaterTest@185d8b6]" started-at="2026-06-16T06:23:47Z" name="setUpMethod" finished-at="2026-06-16T06:23:47Z" duration-ms="0" status="PASS">
          <reporter-output>
          </reporter-output>
        </test-method> <!-- setUpMethod -->
        <test-method signature="testZeroFlow()[pri:0, instance:com.hartrusion.modeling.assemblies.PhasedSuperheaterTest@185d8b6]" started-at="2026-06-16T06:23:47Z" name="testZeroFlow" finished-at="2026-06-16T06:23:47Z" duration-ms="1" status="FAIL">
          <exception class="java.lang.AssertionError">
            <message>
              <![CDATA[expected [1260000.0] but found [1262144.2692385316]]]>
            </message>
            <full-stacktrace>
              <![CDATA[java.lang.AssertionError: expected [1260000.0] but found [1262144.2692385316]
at org.testng.Assert.fail(Assert.java:96)
at org.testng.Assert.failNotEquals(Assert.java:776)
at org.testng.Assert.assertEquals(Assert.java:489)
at org.testng.Assert.assertEquals(Assert.java:502)
at com.hartrusion.modeling.assemblies.PhasedSuperheaterTest.testZeroFlow(PhasedSuperheaterTest.java:209)
at java.base/jdk.internal.reflect.DirectMethodHandleAccessor.invoke(DirectMethodHandleAccessor.java:103)
at java.base/java.lang.reflect.Method.invoke(Method.java:580)
at org.testng.internal.MethodInvocationHelper.invokeMethod(MethodInvocationHelper.java:124)
at org.testng.internal.Invoker.invokeMethod(Invoker.java:583)
at org.testng.internal.Invoker.invokeTestMethod(Invoker.java:719)
at org.testng.internal.Invoker.invokeTestMethods(Invoker.java:989)
at org.testng.internal.TestMethodWorker.invokeTestMethods(TestMethodWorker.java:125)
at org.testng.internal.TestMethodWorker.run(TestMethodWorker.java:109)
at org.testng.TestRunner.privateRun(TestRunner.java:648)
at org.testng.TestRunner.run(TestRunner.java:505)
at org.testng.SuiteRunner.runTest(SuiteRunner.java:455)
at org.testng.SuiteRunner.runSequentially(SuiteRunner.java:450)
at org.testng.SuiteRunner.privateRun(SuiteRunner.java:415)
at org.testng.SuiteRunner.run(SuiteRunner.java:364)
at org.testng.SuiteRunnerWorker.runSuite(SuiteRunnerWorker.java:52)
at org.testng.SuiteRunnerWorker.run(SuiteRunnerWorker.java:84)
at org.testng.TestNG.runSuitesSequentially(TestNG.java:1208)
at org.testng.TestNG.runSuitesLocally(TestNG.java:1137)
at org.testng.TestNG.runSuites(TestNG.java:1049)
at org.testng.TestNG.run(TestNG.java:1017)
at org.testng.TestNG.privateMain(TestNG.java:1354)
at org.testng.TestNG.main(TestNG.java:1323)
]]>
            </full-stacktrace>
          </exception> <!-- java.lang.AssertionError -->
          <reporter-output>
          </reporter-output>
        </test-method> <!-- testZeroFlow -->
        <test-method is-config="true" signature="tearDownMethod()[pri:0, instance:com.hartrusion.modeling.assemblies.PhasedSuperheaterTest@185d8b6]" started-at="2026-06-16T06:23:47Z" name="tearDownMethod" finished-at="2026-06-16T06:23:47Z" duration-ms="1" status="PASS">
          <reporter-output>
          </reporter-output>
        </test-method> <!-- tearDownMethod -->
      </class> <!-- com.hartrusion.modeling.assemblies.PhasedSuperheaterTest -->
      <class name="com.hartrusion.modeling.solvers.StarPolygonTransformTest">
        <test-method signature="fullEqualStar()[pri:0, instance:com.hartrusion.modeling.solvers.StarPolygonTransformTest@63753b6d]" started-at="2026-06-16T06:23:47Z" name="fullEqualStar" finished-at="2026-06-16T06:23:47Z" duration-ms="0" status="PASS">
          <reporter-output>
          </reporter-output>
        </test-method> <!-- fullEqualStar -->
        <test-method is-config="true" signature="setUpClass()[pri:0, instance:com.hartrusion.modeling.solvers.StarPolygonTransformTest@63753b6d]" started-at="2026-06-16T06:23:47Z" name="setUpClass" finished-at="2026-06-16T06:23:47Z" duration-ms="0" status="PASS">
          <reporter-output>
          </reporter-output>
        </test-method> <!-- setUpClass -->
        <test-method is-config="true" signature="tearDownMethod()[pri:0, instance:com.hartrusion.modeling.solvers.StarPolygonTransformTest@63753b6d]" started-at="2026-06-16T06:23:47Z" name="tearDownMethod" finished-at="2026-06-16T06:23:47Z" duration-ms="0" status="PASS">
          <reporter-output>
          </reporter-output>
        </test-method> <!-- tearDownMethod -->
      </class> <!-- com.hartrusion.modeling.solvers.StarPolygonTransformTest -->
      <class name="com.hartrusion.modeling.phasedfluid.PhasedClosedSteamedReservoirTest">
        <test-method is-config="true" signature="setUpMethod()[pri:0, instance:com.hartrusion.modeling.phasedfluid.PhasedClosedSteamedReservoirTest@5a8e6209]" started-at="2026-06-16T06:23:47Z" name="setUpMethod" finished-at="2026-06-16T06:23:47Z" duration-ms="1" status="PASS">
          <reporter-output>
          </reporter-output>
        </test-method> <!-- setUpMethod -->
        <test-method is-config="true" signature="setUpClass()[pri:0, instance:com.hartrusion.modeling.phasedfluid.PhasedClosedSteamedReservoirTest@5a8e6209]" started-at="2026-06-16T06:23:47Z" name="setUpClass" finished-at="2026-06-16T06:23:47Z" duration-ms="0" status="PASS">
          <reporter-output>
          </reporter-output>
        </test-method> <!-- setUpClass -->
        <test-method is-config="true" signature="tearDownMethod()[pri:0, instance:com.hartrusion.modeling.phasedfluid.PhasedClosedSteamedReservoirTest@5a8e6209]" started-at="2026-06-16T06:23:47Z" name="tearDownMethod" finished-at="2026-06-16T06:23:47Z" duration-ms="1" status="PASS">
          <reporter-output>
          </reporter-output>
        </test-method> <!-- tearDownMethod -->
        <test-method signature="testValidateEnergyCirculation()[pri:0, instance:com.hartrusion.modeling.phasedfluid.PhasedClosedSteamedReservoirTest@5a8e6209]" started-at="2026-06-16T06:23:47Z" name="testValidateEnergyCirculation" finished-at="2026-06-16T06:23:47Z" duration-ms="0" status="PASS">
          <reporter-output>
          </reporter-output>
        </test-method> <!-- testValidateEnergyCirculation -->
        <test-method signature="testValidateEnergyNoFlow()[pri:0, instance:com.hartrusion.modeling.phasedfluid.PhasedClosedSteamedReservoirTest@5a8e6209]" started-at="2026-06-16T06:23:47Z" name="testValidateEnergyNoFlow" finished-at="2026-06-16T06:23:47Z" duration-ms="0" status="PASS">
          <reporter-output>
          </reporter-output>
        </test-method> <!-- testValidateEnergyNoFlow -->
        <test-method is-config="true" signature="setUpMethod()[pri:0, instance:com.hartrusion.modeling.phasedfluid.PhasedClosedSteamedReservoirTest@5a8e6209]" started-at="2026-06-16T06:23:47Z" name="setUpMethod" finished-at="2026-06-16T06:23:47Z" duration-ms="0" status="PASS">
          <reporter-output>
          </reporter-output>
        </test-method> <!-- setUpMethod -->
        <test-method is-config="true" signature="tearDownMethod()[pri:0, instance:com.hartrusion.modeling.phasedfluid.PhasedClosedSteamedReservoirTest@5a8e6209]" started-at="2026-06-16T06:23:47Z" name="tearDownMethod" finished-at="2026-06-16T06:23:47Z" duration-ms="0" status="PASS">
          <reporter-output>
          </reporter-output>
        </test-method> <!-- tearDownMethod -->
      </class> <!-- com.hartrusion.modeling.phasedfluid.PhasedClosedSteamedReservoirTest -->
      <class name="com.hartrusion.modeling.solvers.StarDeltaTransformTest">
        <test-method is-config="true" signature="setUpClass()[pri:0, instance:com.hartrusion.modeling.solvers.StarDeltaTransformTest@6536e911]" started-at="2026-06-16T06:23:47Z" name="setUpClass" finished-at="2026-06-16T06:23:47Z" duration-ms="0" status="PASS">
          <reporter-output>
          </reporter-output>
        </test-method> <!-- setUpClass -->
        <test-method signature="testBridgeWithRealSource()[pri:0, instance:com.hartrusion.modeling.solvers.StarDeltaTransformTest@6536e911]" started-at="2026-06-16T06:23:47Z" name="testBridgeWithRealSource" finished-at="2026-06-16T06:23:47Z" duration-ms="1" status="PASS">
          <reporter-output>
          </reporter-output>
        </test-method> <!-- testBridgeWithRealSource -->
        <test-method signature="testStarWithOneOpenConnection()[pri:0, instance:com.hartrusion.modeling.solvers.StarDeltaTransformTest@6536e911]" started-at="2026-06-16T06:23:47Z" name="testStarWithOneOpenConnection" finished-at="2026-06-16T06:23:47Z" duration-ms="0" status="PASS">
          <reporter-output>
          </reporter-output>
        </test-method> <!-- testStarWithOneOpenConnection -->
        <test-method signature="testWheatstoneBridge()[pri:0, instance:com.hartrusion.modeling.solvers.StarDeltaTransformTest@6536e911]" started-at="2026-06-16T06:23:47Z" name="testWheatstoneBridge" finished-at="2026-06-16T06:23:47Z" duration-ms="1" status="PASS">
          <reporter-output>
          </reporter-output>
        </test-method> <!-- testWheatstoneBridge -->
      </class> <!-- com.hartrusion.modeling.solvers.StarDeltaTransformTest -->
      <class name="com.hartrusion.modeling.solvers.OverlayTest">
        <test-method is-config="true" signature="setUpClass()[pri:0, instance:com.hartrusion.modeling.solvers.OverlayTest@3108bc]" started-at="2026-06-16T06:23:47Z" name="setUpClass" finished-at="2026-06-16T06:23:47Z" duration-ms="0" status="PASS">
          <reporter-output>
          </reporter-output>
        </test-method> <!-- setUpClass -->
        <test-method signature="bridgedElementEffortValidation()[pri:0, instance:com.hartrusion.modeling.solvers.OverlayTest@3108bc]" started-at="2026-06-16T06:23:47Z" name="bridgedElementEffortValidation" finished-at="2026-06-16T06:23:47Z" duration-ms="1" status="PASS">
          <reporter-output>
          </reporter-output>
        </test-method> <!-- bridgedElementEffortValidation -->
        <test-method signature="bridgedElementError()[pri:0, instance:com.hartrusion.modeling.solvers.OverlayTest@3108bc]" started-at="2026-06-16T06:23:47Z" name="bridgedElementError" finished-at="2026-06-16T06:23:47Z" duration-ms="2" status="PASS">
          <reporter-output>
          </reporter-output>
        </test-method> <!-- bridgedElementError -->
        <test-method signature="testCheckForBridgedPaths()[pri:0, instance:com.hartrusion.modeling.solvers.OverlayTest@3108bc]" started-at="2026-06-16T06:23:47Z" name="testCheckForBridgedPaths" finished-at="2026-06-16T06:23:47Z" duration-ms="0" status="PASS">
          <reporter-output>
          </reporter-output>
        </test-method> <!-- testCheckForBridgedPaths -->
      </class> <!-- com.hartrusion.modeling.solvers.OverlayTest -->
      <class name="com.hartrusion.modeling.thermal.ThermalLogGradientResistanceTest">
        <test-method is-config="true" signature="setUpMethod()[pri:0, instance:com.hartrusion.modeling.thermal.ThermalLogGradientResistanceTest@6c3708b3]" started-at="2026-06-16T06:23:47Z" name="setUpMethod" finished-at="2026-06-16T06:23:47Z" duration-ms="1" status="PASS">
          <reporter-output>
          </reporter-output>
        </test-method> <!-- setUpMethod -->
        <test-method signature="testStepResponses()[pri:0, instance:com.hartrusion.modeling.thermal.ThermalLogGradientResistanceTest@6c3708b3]" started-at="2026-06-16T06:23:47Z" name="testStepResponses" finished-at="2026-06-16T06:23:47Z" duration-ms="9" status="PASS">
          <reporter-output>
          </reporter-output>
        </test-method> <!-- testStepResponses -->
        <test-method is-config="true" signature="tearDownMethod()[pri:0, instance:com.hartrusion.modeling.thermal.ThermalLogGradientResistanceTest@6c3708b3]" started-at="2026-06-16T06:23:47Z" name="tearDownMethod" finished-at="2026-06-16T06:23:47Z" duration-ms="1" status="PASS">
          <reporter-output>
          </reporter-output>
        </test-method> <!-- tearDownMethod -->
      </class> <!-- com.hartrusion.modeling.thermal.ThermalLogGradientResistanceTest -->
      <class name="com.hartrusion.modeling.solvers.StarSquareTransformTest">
        <test-method signature="testComplexFeedwaterDetail()[pri:0, instance:com.hartrusion.modeling.solvers.StarSquareTransformTest@3e9b1010]" started-at="2026-06-16T06:23:47Z" name="testComplexFeedwaterDetail" finished-at="2026-06-16T06:23:47Z" duration-ms="1" status="PASS">
          <reporter-output>
          </reporter-output>
        </test-method> <!-- testComplexFeedwaterDetail -->
        <test-method is-config="true" signature="setUpClass()[pri:0, instance:com.hartrusion.modeling.solvers.StarSquareTransformTest@3e9b1010]" started-at="2026-06-16T06:23:47Z" name="setUpClass" finished-at="2026-06-16T06:23:47Z" duration-ms="0" status="PASS">
          <reporter-output>
          </reporter-output>
        </test-method> <!-- setUpClass -->
        <test-method signature="testTwoBridgesVShaped()[pri:0, instance:com.hartrusion.modeling.solvers.StarSquareTransformTest@3e9b1010]" started-at="2026-06-16T06:23:47Z" name="testTwoBridgesVShaped" finished-at="2026-06-16T06:23:47Z" duration-ms="1" status="PASS">
          <reporter-output>
          </reporter-output>
        </test-method> <!-- testTwoBridgesVShaped -->
        <test-method signature="testIndecipherableMayhem()[pri:0, instance:com.hartrusion.modeling.solvers.StarSquareTransformTest@3e9b1010]" started-at="2026-06-16T06:23:47Z" name="testIndecipherableMayhem" finished-at="2026-06-16T06:23:47Z" duration-ms="0" status="PASS">
          <reporter-output>
          </reporter-output>
        </test-method> <!-- testIndecipherableMayhem -->
      </class> <!-- com.hartrusion.modeling.solvers.StarSquareTransformTest -->
      <class name="com.hartrusion.modeling.assemblies.HeatExchangerNoMassTest">
        <test-method is-config="true" signature="setUpMethod()[pri:0, instance:com.hartrusion.modeling.assemblies.HeatExchangerNoMassTest@6f1fba17]" started-at="2026-06-16T06:23:47Z" name="setUpMethod" finished-at="2026-06-16T06:23:47Z" duration-ms="4" status="PASS">
          <reporter-output>
          </reporter-output>
        </test-method> <!-- setUpMethod -->
        <test-method is-config="true" signature="setUpClass()[pri:0, instance:com.hartrusion.modeling.assemblies.HeatExchangerNoMassTest@6f1fba17]" started-at="2026-06-16T06:23:47Z" name="setUpClass" finished-at="2026-06-16T06:23:47Z" duration-ms="0" status="PASS">
          <reporter-output>
          </reporter-output>
        </test-method> <!-- setUpClass -->
        <test-method signature="differentFlowsAndEqualTemperatures()[pri:0, instance:com.hartrusion.modeling.assemblies.HeatExchangerNoMassTest@6f1fba17]" started-at="2026-06-16T06:23:47Z" name="differentFlowsAndEqualTemperatures" finished-at="2026-06-16T06:23:47Z" duration-ms="0" status="PASS">
          <reporter-output>
          </reporter-output>
        </test-method> <!-- differentFlowsAndEqualTemperatures -->
        <test-method is-config="true" signature="tearDownMethod()[pri:0, instance:com.hartrusion.modeling.assemblies.HeatExchangerNoMassTest@6f1fba17]" started-at="2026-06-16T06:23:47Z" name="tearDownMethod" finished-at="2026-06-16T06:23:47Z" duration-ms="1" status="PASS">
          <reporter-output>
          </reporter-output>
        </test-method> <!-- tearDownMethod -->
        <test-method signature="equalFlowsAndDifferentTemperatures()[pri:0, instance:com.hartrusion.modeling.assemblies.HeatExchangerNoMassTest@6f1fba17]" started-at="2026-06-16T06:23:47Z" name="equalFlowsAndDifferentTemperatures" finished-at="2026-06-16T06:23:47Z" duration-ms="8" status="PASS">
          <reporter-output>
          </reporter-output>
        </test-method> <!-- equalFlowsAndDifferentTemperatures -->
        <test-method is-config="true" signature="setUpMethod()[pri:0, instance:com.hartrusion.modeling.assemblies.HeatExchangerNoMassTest@6f1fba17]" started-at="2026-06-16T06:23:47Z" name="setUpMethod" finished-at="2026-06-16T06:23:47Z" duration-ms="0" status="PASS">
          <reporter-output>
          </reporter-output>
        </test-method> <!-- setUpMethod -->
        <test-method is-config="true" signature="tearDownMethod()[pri:0, instance:com.hartrusion.modeling.assemblies.HeatExchangerNoMassTest@6f1fba17]" started-at="2026-06-16T06:23:47Z" name="tearDownMethod" finished-at="2026-06-16T06:23:47Z" duration-ms="0" status="PASS">
          <reporter-output>
          </reporter-output>
        </test-method> <!-- tearDownMethod -->
        <test-method is-config="true" signature="setUpMethod()[pri:0, instance:com.hartrusion.modeling.assemblies.HeatExchangerNoMassTest@6f1fba17]" started-at="2026-06-16T06:23:47Z" name="setUpMethod" finished-at="2026-06-16T06:23:47Z" duration-ms="1" status="PASS">
          <reporter-output>
          </reporter-output>
        </test-method> <!-- setUpMethod -->
        <test-method is-config="true" signature="setUpMethod()[pri:0, instance:com.hartrusion.modeling.assemblies.HeatExchangerNoMassTest@6f1fba17]" started-at="2026-06-16T06:23:47Z" name="setUpMethod" finished-at="2026-06-16T06:23:47Z" duration-ms="0" status="PASS">
          <reporter-output>
          </reporter-output>
        </test-method> <!-- setUpMethod -->
        <test-method is-config="true" signature="tearDownMethod()[pri:0, instance:com.hartrusion.modeling.assemblies.HeatExchangerNoMassTest@6f1fba17]" started-at="2026-06-16T06:23:47Z" name="tearDownMethod" finished-at="2026-06-16T06:23:47Z" duration-ms="0" status="PASS">
          <reporter-output>
          </reporter-output>
        </test-method> <!-- tearDownMethod -->
        <test-method is-config="true" signature="tearDownMethod()[pri:0, instance:com.hartrusion.modeling.assemblies.HeatExchangerNoMassTest@6f1fba17]" started-at="2026-06-16T06:23:47Z" name="tearDownMethod" finished-at="2026-06-16T06:23:47Z" duration-ms="1" status="PASS">
          <reporter-output>
          </reporter-output>
        </test-method> <!-- tearDownMethod -->
        <test-method signature="testZeroFlow()[pri:0, instance:com.hartrusion.modeling.assemblies.HeatExchangerNoMassTest@6f1fba17]" started-at="2026-06-16T06:23:47Z" name="testZeroFlow" finished-at="2026-06-16T06:23:47Z" duration-ms="0" status="PASS">
          <reporter-output>
          </reporter-output>
        </test-method> <!-- testZeroFlow -->
        <test-method signature="equalFlowsAndTemperatures()[pri:0, instance:com.hartrusion.modeling.assemblies.HeatExchangerNoMassTest@6f1fba17]" started-at="2026-06-16T06:23:47Z" name="equalFlowsAndTemperatures" finished-at="2026-06-16T06:23:47Z" duration-ms="0" status="PASS">
          <reporter-output>
          </reporter-output>
        </test-method> <!-- equalFlowsAndTemperatures -->
      </class> <!-- com.hartrusion.modeling.assemblies.HeatExchangerNoMassTest -->
      <class name="com.hartrusion.modeling.solvers.TwoSeriesSolverTest">
        <test-method signature="testBridgeAndShortcut()[pri:0, instance:com.hartrusion.modeling.solvers.TwoSeriesSolverTest@520a3426]" started-at="2026-06-16T06:23:47Z" name="testBridgeAndShortcut" finished-at="2026-06-16T06:23:47Z" duration-ms="0" status="PASS">
          <reporter-output>
          </reporter-output>
        </test-method> <!-- testBridgeAndShortcut -->
        <test-method is-config="true" signature="setUpClass()[pri:0, instance:com.hartrusion.modeling.solvers.TwoSeriesSolverTest@520a3426]" started-at="2026-06-16T06:23:47Z" name="setUpClass" finished-at="2026-06-16T06:23:47Z" duration-ms="0" status="PASS">
          <reporter-output>
          </reporter-output>
        </test-method> <!-- setUpClass -->
        <test-method signature="testIsolatedEffortSource()[pri:0, instance:com.hartrusion.modeling.solvers.TwoSeriesSolverTest@520a3426]" started-at="2026-06-16T06:23:47Z" name="testIsolatedEffortSource" finished-at="2026-06-16T06:23:47Z" duration-ms="1" status="PASS">
          <reporter-output>
          </reporter-output>
        </test-method> <!-- testIsolatedEffortSource -->
        <test-method signature="testOneOpenConnection()[pri:0, instance:com.hartrusion.modeling.solvers.TwoSeriesSolverTest@520a3426]" started-at="2026-06-16T06:23:47Z" name="testOneOpenConnection" finished-at="2026-06-16T06:23:47Z" duration-ms="0" status="PASS">
          <reporter-output>
          </reporter-output>
        </test-method> <!-- testOneOpenConnection -->
        <test-method signature="testStandardBehaviour()[pri:0, instance:com.hartrusion.modeling.solvers.TwoSeriesSolverTest@520a3426]" started-at="2026-06-16T06:23:47Z" name="testStandardBehaviour" finished-at="2026-06-16T06:23:47Z" duration-ms="0" status="PASS">
          <reporter-output>
          </reporter-output>
        </test-method> <!-- testStandardBehaviour -->
      </class> <!-- com.hartrusion.modeling.solvers.TwoSeriesSolverTest -->
      <class name="com.hartrusion.modeling.assemblies.PhasedCondenserTest">
        <test-method is-config="true" signature="setUpClass()[pri:0, instance:com.hartrusion.modeling.assemblies.PhasedCondenserTest@210366b4]" started-at="2026-06-16T06:23:47Z" name="setUpClass" finished-at="2026-06-16T06:23:47Z" duration-ms="0" status="PASS">
          <reporter-output>
          </reporter-output>
        </test-method> <!-- setUpClass -->
        <test-method is-config="true" signature="setUpMethod()[pri:0, instance:com.hartrusion.modeling.assemblies.PhasedCondenserTest@210366b4]" started-at="2026-06-16T06:23:47Z" name="setUpMethod" finished-at="2026-06-16T06:23:47Z" duration-ms="1" status="PASS">
          <reporter-output>
          </reporter-output>
        </test-method> <!-- setUpMethod -->
        <test-method signature="testZeroFlow()[pri:0, instance:com.hartrusion.modeling.assemblies.PhasedCondenserTest@210366b4]" started-at="2026-06-16T06:23:47Z" name="testZeroFlow" finished-at="2026-06-16T06:23:47Z" duration-ms="2" status="PASS">
          <reporter-output>
          </reporter-output>
        </test-method> <!-- testZeroFlow -->
        <test-method is-config="true" signature="tearDownMethod()[pri:0, instance:com.hartrusion.modeling.assemblies.PhasedCondenserTest@210366b4]" started-at="2026-06-16T06:23:47Z" name="tearDownMethod" finished-at="2026-06-16T06:23:47Z" duration-ms="0" status="PASS">
          <reporter-output>
          </reporter-output>
        </test-method> <!-- tearDownMethod -->
      </class> <!-- com.hartrusion.modeling.assemblies.PhasedCondenserTest -->
      <class name="com.hartrusion.modeling.solvers.NodalAnalysisTest">
        <test-method signature="testBasicNetwork()[pri:0, instance:com.hartrusion.modeling.solvers.NodalAnalysisTest@370736d9]" started-at="2026-06-16T06:23:47Z" name="testBasicNetwork" finished-at="2026-06-16T06:23:47Z" duration-ms="2" status="PASS">
          <reporter-output>
          </reporter-output>
        </test-method> <!-- testBasicNetwork -->
        <test-method is-config="true" signature="setUpClass()[pri:0, instance:com.hartrusion.modeling.solvers.NodalAnalysisTest@370736d9]" started-at="2026-06-16T06:23:47Z" name="setUpClass" finished-at="2026-06-16T06:23:47Z" duration-ms="0" status="PASS">
          <reporter-output>
          </reporter-output>
        </test-method> <!-- setUpClass -->
        <test-method signature="testSummerTermExam()[pri:0, instance:com.hartrusion.modeling.solvers.NodalAnalysisTest@370736d9]" started-at="2026-06-16T06:23:47Z" name="testSummerTermExam" finished-at="2026-06-16T06:23:47Z" duration-ms="1" status="PASS">
          <reporter-output>
          </reporter-output>
        </test-method> <!-- testSummerTermExam -->
        <test-method signature="testSharedSeriesResistor()[pri:0, instance:com.hartrusion.modeling.solvers.NodalAnalysisTest@370736d9]" started-at="2026-06-16T06:23:47Z" name="testSharedSeriesResistor" finished-at="2026-06-16T06:23:47Z" duration-ms="0" status="PASS">
          <reporter-output>
          </reporter-output>
        </test-method> <!-- testSharedSeriesResistor -->
        <test-method signature="testIdealSourceRejected()[pri:0, instance:com.hartrusion.modeling.solvers.NodalAnalysisTest@370736d9]" started-at="2026-06-16T06:23:47Z" name="testIdealSourceRejected" finished-at="2026-06-16T06:23:47Z" duration-ms="0" status="PASS">
          <reporter-output>
          </reporter-output>
        </test-method> <!-- testIdealSourceRejected -->
      </class> <!-- com.hartrusion.modeling.solvers.NodalAnalysisTest -->
    </test> <!-- Command line test -->
  </suite> <!-- Command line suite -->
</testng-results>
