<?xml version="1.0" encoding="UTF-8"?>
<!-- Generated by org.testng.reporters.JUnitReportReporter -->
<testsuite hostname="factory" failures="0" tests="1" name="com.hartrusion.modeling.thermal.ThermalLogGradientResistanceTest" time="0.011" errors="0" timestamp="16 Jun 2026 06:23:47 GMT" skipped="0">
  <testcase classname="com.hartrusion.modeling.thermal.ThermalLogGradientResistanceTest" name="testStepResponses" time="0.011"/>
</testsuite> <!-- com.hartrusion.modeling.thermal.ThermalLogGradientResistanceTest -->
