<?xml version="1.0" encoding="UTF-8"?>
<!-- Generated by org.testng.reporters.JUnitReportReporter -->
<testsuite hostname="factory" failures="0" tests="8" name="com.hartrusion.modeling.solvers.SimplifiedResistorTest" time="0.002" errors="0" timestamp="16 Jun 2026 06:23:47 GMT" skipped="0">
  <testcase classname="com.hartrusion.modeling.solvers.SimplifiedResistorTest" name="testBasicSeriesResistors" time="0.000"/>
  <testcase classname="com.hartrusion.modeling.solvers.SimplifiedResistorTest" name="testMixedReverseOrderParallelResistors" time="0.000"/>
  <testcase classname="com.hartrusion.modeling.solvers.SimplifiedResistorTest" name="testFlowFacesMiddleSeriesResistors" time="0.001"/>
  <testcase classname="com.hartrusion.modeling.solvers.SimplifiedResistorTest" name="testBasicParallelResistors" time="0.000"/>
  <testcase classname="com.hartrusion.modeling.solvers.SimplifiedResistorTest" name="testFlowFacesOuterSeriesResistors" time="0.000"/>
  <testcase classname="com.hartrusion.modeling.solvers.SimplifiedResistorTest" name="testMixedOrderParallelResistors" time="0.000"/>
  <testcase classname="com.hartrusion.modeling.solvers.SimplifiedResistorTest" name="testFullReverseOrderSeriesResistors" time="0.001"/>
  <testcase classname="com.hartrusion.modeling.solvers.SimplifiedResistorTest" name="testReverseParallelResistors" time="0.000"/>
</testsuite> <!-- com.hartrusion.modeling.solvers.SimplifiedResistorTest -->
