<?xml version="1.0" encoding="UTF-8"?>
<!-- Generated by org.testng.reporters.JUnitReportReporter -->
<testsuite hostname="factory" failures="0" tests="4" name="com.hartrusion.modeling.assemblies.PhasedExchangerNoMassTest" time="0.007" errors="0" timestamp="16 Jun 2026 06:23:47 GMT" skipped="0">
  <testcase classname="com.hartrusion.modeling.assemblies.PhasedExchangerNoMassTest" name="equalFlowsAndDifferentTemperatures" time="0.006"/>
  <testcase classname="com.hartrusion.modeling.assemblies.PhasedExchangerNoMassTest" name="differentFlowsAndEqualTemperatures" time="0.000"/>
  <testcase classname="com.hartrusion.modeling.assemblies.PhasedExchangerNoMassTest" name="equalFlowsAndTemperatures" time="0.000"/>
  <testcase classname="com.hartrusion.modeling.assemblies.PhasedExchangerNoMassTest" name="testZeroFlow" time="0.001"/>
</testsuite> <!-- com.hartrusion.modeling.assemblies.PhasedExchangerNoMassTest -->
