<?xml version="1.0" encoding="UTF-8"?>
<!-- Generated by org.testng.reporters.JUnitReportReporter -->
<testsuite hostname="factory" failures="0" tests="3" name="com.hartrusion.modeling.solvers.OverlayTest" time="0.003" errors="0" timestamp="16 Jun 2026 06:23:47 GMT" skipped="0">
  <testcase classname="com.hartrusion.modeling.solvers.OverlayTest" name="bridgedElementEffortValidation" time="0.001"/>
  <testcase classname="com.hartrusion.modeling.solvers.OverlayTest" name="testCheckForBridgedPaths" time="0.000"/>
  <testcase classname="com.hartrusion.modeling.solvers.OverlayTest" name="bridgedElementError" time="0.002"/>
</testsuite> <!-- com.hartrusion.modeling.solvers.OverlayTest -->
