<?xml version="1.0" encoding="UTF-8"?>
<!-- Generated by org.testng.reporters.JUnitReportReporter -->
<testsuite hostname="factory" failures="0" tests="10" name="com.hartrusion.modeling.solvers.TransferSubnetTest" time="0.009" errors="0" timestamp="16 Jun 2026 06:23:47 GMT" skipped="0">
  <testcase classname="com.hartrusion.modeling.solvers.TransferSubnetTest" name="testThermalFlowSources" time="0.001"/>
  <testcase classname="com.hartrusion.modeling.solvers.TransferSubnetTest" name="testThreeCapacitancePorts" time="0.000"/>
  <testcase classname="com.hartrusion.modeling.solvers.TransferSubnetTest" name="testThermalFlowSourcesSharedOrigin" time="0.001"/>
  <testcase classname="com.hartrusion.modeling.solvers.TransferSubnetTest" name="testTwoOriginElements" time="0.000"/>
  <testcase classname="com.hartrusion.modeling.solvers.TransferSubnetTest" name="testMinimumNetwork" time="0.000"/>
  <testcase classname="com.hartrusion.modeling.solvers.TransferSubnetTest" name="testNoOrigin" time="0.001"/>
  <testcase classname="com.hartrusion.modeling.solvers.TransferSubnetTest" name="testMainCirculationPumpsWithSteamOut" time="0.001"/>
  <testcase classname="com.hartrusion.modeling.solvers.TransferSubnetTest" name="testTwoPumpsOneTankExample" time="0.001"/>
  <testcase classname="com.hartrusion.modeling.solvers.TransferSubnetTest" name="testMainCirculationPumps" time="0.004"/>
  <testcase classname="com.hartrusion.modeling.solvers.TransferSubnetTest" name="testTwoCapacitancePorts" time="0.000"/>
</testsuite> <!-- com.hartrusion.modeling.solvers.TransferSubnetTest -->
