<?xml version="1.0" encoding="UTF-8"?>
<!-- Generated by org.testng.reporters.JUnitReportReporter -->
<testsuite hostname="factory" failures="0" tests="1" name="com.hartrusion.modeling.assemblies.PhasedHeatExchangerNoMassTest" time="0.002" errors="0" timestamp="16 Jun 2026 06:23:47 GMT" skipped="0">
  <testcase classname="com.hartrusion.modeling.assemblies.PhasedHeatExchangerNoMassTest" name="testAuxCondensateFailure" time="0.002"/>
</testsuite> <!-- com.hartrusion.modeling.assemblies.PhasedHeatExchangerNoMassTest -->
