<?xml version="1.0" encoding="UTF-8"?>
<!-- Generated by org.testng.reporters.JUnitReportReporter -->
<testsuite hostname="factory" failures="0" tests="5" name="com.hartrusion.modeling.phasedfluid.PhasedPropertiesWaterTest" time="0.000" errors="0" timestamp="16 Jun 2026 06:23:47 GMT" skipped="0">
  <testcase classname="com.hartrusion.modeling.phasedfluid.PhasedPropertiesWaterTest" name="testGetDensity" time="0.000"/>
  <testcase classname="com.hartrusion.modeling.phasedfluid.PhasedPropertiesWaterTest" name="testGetSaturationTemperature" time="0.000"/>
  <testcase classname="com.hartrusion.modeling.phasedfluid.PhasedPropertiesWaterTest" name="testGetSaturationEffort" time="0.000"/>
  <testcase classname="com.hartrusion.modeling.phasedfluid.PhasedPropertiesWaterTest" name="testGetVapourFraction" time="0.000"/>
  <testcase classname="com.hartrusion.modeling.phasedfluid.PhasedPropertiesWaterTest" name="testGetAvgDensity" time="0.000"/>
</testsuite> <!-- com.hartrusion.modeling.phasedfluid.PhasedPropertiesWaterTest -->
