<?xml version="1.0" encoding="UTF-8"?>
<!-- Generated by org.testng.reporters.JUnitReportReporter -->
<testsuite hostname="factory" failures="0" tests="2" name="com.hartrusion.modeling.general.EffortSourceTest" time="0.000" errors="0" timestamp="16 Jun 2026 06:23:47 GMT" skipped="0">
  <testcase classname="com.hartrusion.modeling.general.EffortSourceTest" name="testOpenSource" time="0.000"/>
  <testcase classname="com.hartrusion.modeling.general.EffortSourceTest" name="testSourceAndResistor" time="0.000"/>
</testsuite> <!-- com.hartrusion.modeling.general.EffortSourceTest -->
