<?xml version="1.0" encoding="UTF-8"?>
<!-- Generated by org.testng.reporters.JUnitReportReporter -->
<testsuite hostname="factory" failures="0" tests="4" name="com.hartrusion.modeling.assemblies.HeatExchangerNoMassTest" time="0.015" errors="0" timestamp="16 Jun 2026 06:23:47 GMT" skipped="0">
  <testcase classname="com.hartrusion.modeling.assemblies.HeatExchangerNoMassTest" name="differentFlowsAndEqualTemperatures" time="0.001"/>
  <testcase classname="com.hartrusion.modeling.assemblies.HeatExchangerNoMassTest" name="equalFlowsAndTemperatures" time="0.004"/>
  <testcase classname="com.hartrusion.modeling.assemblies.HeatExchangerNoMassTest" name="equalFlowsAndDifferentTemperatures" time="0.009"/>
  <testcase classname="com.hartrusion.modeling.assemblies.HeatExchangerNoMassTest" name="testZeroFlow" time="0.001"/>
</testsuite> <!-- com.hartrusion.modeling.assemblies.HeatExchangerNoMassTest -->
