<?xml version="1.0" encoding="UTF-8"?>
<!-- Generated by org.testng.reporters.JUnitReportReporter -->
<testsuite hostname="factory" failures="0" tests="2" name="com.hartrusion.modeling.phasedfluid.PhasedClosedSteamedReservoirTest" time="0.002" errors="0" timestamp="16 Jun 2026 06:23:47 GMT" skipped="0">
  <testcase classname="com.hartrusion.modeling.phasedfluid.PhasedClosedSteamedReservoirTest" name="testValidateEnergyCirculation" time="0.001"/>
  <testcase classname="com.hartrusion.modeling.phasedfluid.PhasedClosedSteamedReservoirTest" name="testValidateEnergyNoFlow" time="0.001"/>
</testsuite> <!-- com.hartrusion.modeling.phasedfluid.PhasedClosedSteamedReservoirTest -->
