<?xml version="1.0" encoding="UTF-8"?>
<!-- Generated by org.testng.reporters.JUnitReportReporter -->
<testsuite hostname="factory" failures="0" tests="7" name="com.hartrusion.modeling.phasedfluid.PhasedExpandingThermalExchangerTest" time="0.056" errors="0" timestamp="16 Jun 2026 06:23:47 GMT" skipped="0">
  <testcase classname="com.hartrusion.modeling.phasedfluid.PhasedExpandingThermalExchangerTest" name="testEvaporatingNoFlowHeatUp" time="0.000"/>
  <testcase classname="com.hartrusion.modeling.phasedfluid.PhasedExpandingThermalExchangerTest" name="testNoFlow" time="0.001"/>
  <testcase classname="com.hartrusion.modeling.phasedfluid.PhasedExpandingThermalExchangerTest" name="testHeatupAndFlowthrough" time="0.052"/>
  <testcase classname="com.hartrusion.modeling.phasedfluid.PhasedExpandingThermalExchangerTest" name="testReverseEvaporatingHeatUp" time="0.001"/>
  <testcase classname="com.hartrusion.modeling.phasedfluid.PhasedExpandingThermalExchangerTest" name="testNoFlowFluidHeatUp" time="0.001"/>
  <testcase classname="com.hartrusion.modeling.phasedfluid.PhasedExpandingThermalExchangerTest" name="testNoHeatupReverseFlushThrough" time="0.000"/>
  <testcase classname="com.hartrusion.modeling.phasedfluid.PhasedExpandingThermalExchangerTest" name="testNoHeatupFlushThrough" time="0.001"/>
</testsuite> <!-- com.hartrusion.modeling.phasedfluid.PhasedExpandingThermalExchangerTest -->
