<?xml version="1.0" encoding="UTF-8"?>
<!-- Generated by org.testng.reporters.JUnitReportReporter -->
<testsuite hostname="factory" failures="0" tests="3" name="com.hartrusion.modeling.solvers.SuperPositionTest" time="0.024" errors="0" timestamp="16 Jun 2026 06:23:47 GMT" skipped="0">
  <testcase classname="com.hartrusion.modeling.solvers.SuperPositionTest" name="testEffortSourcesWithOpenConnections" time="0.003"/>
  <testcase classname="com.hartrusion.modeling.solvers.SuperPositionTest" name="testBasicNetwork" time="0.019"/>
  <testcase classname="com.hartrusion.modeling.solvers.SuperPositionTest" name="testSummerTermExam" time="0.002"/>
</testsuite> <!-- com.hartrusion.modeling.solvers.SuperPositionTest -->
