<?xml version="1.0" encoding="UTF-8"?>
<!-- Generated by org.testng.reporters.JUnitReportReporter -->
<testsuite hostname="factory" failures="0" tests="4" name="com.hartrusion.modeling.solvers.NodalAnalysisTest" time="0.003" errors="0" timestamp="16 Jun 2026 06:23:47 GMT" skipped="0">
  <testcase classname="com.hartrusion.modeling.solvers.NodalAnalysisTest" name="testBasicNetwork" time="0.002"/>
  <testcase classname="com.hartrusion.modeling.solvers.NodalAnalysisTest" name="testIdealSourceRejected" time="0.000"/>
  <testcase classname="com.hartrusion.modeling.solvers.NodalAnalysisTest" name="testSummerTermExam" time="0.001"/>
  <testcase classname="com.hartrusion.modeling.solvers.NodalAnalysisTest" name="testSharedSeriesResistor" time="0.000"/>
</testsuite> <!-- com.hartrusion.modeling.solvers.NodalAnalysisTest -->
