<?xml version="1.0" encoding="UTF-8"?>
<!-- Generated by org.testng.reporters.JUnitReportReporter -->
<testsuite hostname="factory" failures="0" tests="4" name="com.hartrusion.modeling.solvers.TwoSeriesSolverTest" time="0.001" errors="0" timestamp="16 Jun 2026 06:23:47 GMT" skipped="0">
  <testcase classname="com.hartrusion.modeling.solvers.TwoSeriesSolverTest" name="testBridgeAndShortcut" time="0.000"/>
  <testcase classname="com.hartrusion.modeling.solvers.TwoSeriesSolverTest" name="testOneOpenConnection" time="0.000"/>
  <testcase classname="com.hartrusion.modeling.solvers.TwoSeriesSolverTest" name="testStandardBehaviour" time="0.000"/>
  <testcase classname="com.hartrusion.modeling.solvers.TwoSeriesSolverTest" name="testIsolatedEffortSource" time="0.001"/>
</testsuite> <!-- com.hartrusion.modeling.solvers.TwoSeriesSolverTest -->
