<?xml version="1.0" encoding="UTF-8"?>
<!-- Generated by org.testng.reporters.JUnitReportReporter -->
<testsuite hostname="factory" failures="0" tests="3" name="com.hartrusion.modeling.general.MutualCapacitanceTest" time="0.004" errors="0" timestamp="16 Jun 2026 06:23:47 GMT" skipped="0">
  <testcase classname="com.hartrusion.modeling.general.MutualCapacitanceTest" name="testChargeFunction" time="0.000"/>
  <testcase classname="com.hartrusion.modeling.general.MutualCapacitanceTest" name="testChargeFunction" time="0.004"/>
  <testcase classname="com.hartrusion.modeling.general.MutualCapacitanceTest" name="testChargeFunction" time="0.000"/>
</testsuite> <!-- com.hartrusion.modeling.general.MutualCapacitanceTest -->
